#
# There is insufficient memory for the Java Runtime Environment to continue.
# Native memory allocation (malloc) failed to allocate 467216 bytes for Chunk::new
# Possible reasons:
#   The system is out of physical RAM or swap space
#   The process is running with CompressedOops enabled, and the Java Heap may be blocking the growth of the native heap
# Possible solutions:
#   Reduce memory load on the system
#   Increase physical memory or swap space
#   Check if swap backing store is full
#   Decrease Java heap size (-Xmx/-Xms)
#   Decrease number of Java threads
#   Decrease Java thread stack sizes (-Xss)
#   Set larger code cache with -XX:ReservedCodeCacheSize=
#   JVM is running with Unscaled Compressed Oops mode in which the Java heap is
#     placed in the first 4GB address space. The Java Heap base address is the
#     maximum limit for the native heap growth. Please use -XX:HeapBaseMinAddress
#     to set the Java Heap base and to place the Java Heap above 4GB virtual address.
# This output file may be truncated or incomplete.
#
#  Out of Memory Error (t:/workspace/open/src/hotspot/share/memory/arena.cpp:197), pid=15512, tid=11248
#
# JRE version: Java(TM) SE Runtime Environment (12.0.1+12) (build 12.0.1+12)
# Java VM: Java HotSpot(TM) 64-Bit Server VM (12.0.1+12, mixed mode, sharing, tiered, compressed oops, g1 gc, windows-amd64)
# No core dump will be written. Minidumps are not enabled by default on client versions of Windows
#

---------------  S U M M A R Y ------------

Command Line: -Dfile.encoding=GBK 网上书城.main

Host: Intel(R) Core(TM) i5-8300H CPU @ 2.30GHz, 8 cores, 7G,  Windows 10 , 64 bit Build 18362 (10.0.18362.900)
Time: Thu Jun 25 15:11:38 2020 ?D1ú±ê×?ê±?? elapsed time: 0 seconds (0d 0h 0m 0s)

---------------  T H R E A D  ---------------

Current thread (0x0000015e7c809800):  JavaThread "C2 CompilerThread0" daemon [_thread_in_native, id=11248, stack(0x0000002e0e600000,0x0000002e0e700000)]


Current CompileTask:
C2:    779  684       4       jdk.internal.org.objectweb.asm.Frame::execute (2305 bytes)

Stack: [0x0000002e0e600000,0x0000002e0e700000]
Native frames: (J=compiled Java code, j=interpreted, Vv=VM code, C=native code)
V  [jvm.dll+0x63948a]
V  [jvm.dll+0x78b31f]
V  [jvm.dll+0x78c9c1]
V  [jvm.dll+0x78d013]
V  [jvm.dll+0x262138]
V  [jvm.dll+0xc582c]
V  [jvm.dll+0xc5dac]
V  [jvm.dll+0x2d3854]
V  [jvm.dll+0x55596d]
V  [jvm.dll+0x21da85]
V  [jvm.dll+0x21b0e6]
V  [jvm.dll+0x199890]
V  [jvm.dll+0x22a534]
V  [jvm.dll+0x228b88]
V  [jvm.dll+0x74f660]
V  [jvm.dll+0x748648]
V  [jvm.dll+0x638566]
C  [ucrtbase.dll+0x20e82]
C  [KERNEL32.DLL+0x17bd4]
C  [ntdll.dll+0x6ce51]


---------------  P R O C E S S  ---------------

Threads class SMR info:
_java_thread_list=0x0000015e7d6e5080, length=14, elements={
0x0000015e7c7e4800, 0x0000015e7c7e6000, 0x0000015e7c804000, 0x0000015e7c808000,
0x0000015e7c809800, 0x0000015e7c811800, 0x0000015e7c813000, 0x0000015e7d1bc000,
0x0000015e7d1e3000, 0x0000015e7d446000, 0x0000015e7d446800, 0x0000015e7d471000,
0x0000015e7d711800, 0x0000015e6ab9e800
}

Java Threads: ( => current thread )
  0x0000015e7c7e4800 JavaThread "Reference Handler" daemon [_thread_blocked, id=8264, stack(0x0000002e0e200000,0x0000002e0e300000)]
  0x0000015e7c7e6000 JavaThread "Finalizer" daemon [_thread_blocked, id=4540, stack(0x0000002e0e300000,0x0000002e0e400000)]
  0x0000015e7c804000 JavaThread "Signal Dispatcher" daemon [_thread_blocked, id=11652, stack(0x0000002e0e400000,0x0000002e0e500000)]
  0x0000015e7c808000 JavaThread "Attach Listener" daemon [_thread_blocked, id=9184, stack(0x0000002e0e500000,0x0000002e0e600000)]
=>0x0000015e7c809800 JavaThread "C2 CompilerThread0" daemon [_thread_in_native, id=11248, stack(0x0000002e0e600000,0x0000002e0e700000)]
  0x0000015e7c811800 JavaThread "C1 CompilerThread0" daemon [_thread_blocked, id=10488, stack(0x0000002e0e700000,0x0000002e0e800000)]
  0x0000015e7c813000 JavaThread "Sweeper thread" daemon [_thread_blocked, id=5156, stack(0x0000002e0e800000,0x0000002e0e900000)]
  0x0000015e7d1bc000 JavaThread "Service Thread" daemon [_thread_blocked, id=16820, stack(0x0000002e0e900000,0x0000002e0ea00000)]
  0x0000015e7d1e3000 JavaThread "Common-Cleaner" daemon [_thread_blocked, id=10736, stack(0x0000002e0eb00000,0x0000002e0ec00000)]
  0x0000015e7d446000 JavaThread "Java2D Disposer" daemon [_thread_blocked, id=11156, stack(0x0000002e0ec00000,0x0000002e0ed00000)]
  0x0000015e7d446800 JavaThread "AWT-Shutdown" [_thread_blocked, id=6276, stack(0x0000002e0ed00000,0x0000002e0ee00000)]
  0x0000015e7d471000 JavaThread "AWT-Windows" daemon [_thread_in_native, id=13796, stack(0x0000002e0ee00000,0x0000002e0ef00000)]
  0x0000015e7d711800 JavaThread "AWT-EventQueue-0" [_thread_in_native, id=13372, stack(0x0000002e0ef00000,0x0000002e0f000000)]
  0x0000015e6ab9e800 JavaThread "DestroyJavaVM" [_thread_blocked, id=5136, stack(0x0000002e0db00000,0x0000002e0dc00000)]

Other Threads:
  0x0000015e7c7e2800 VMThread "VM Thread" [stack: 0x0000002e0e100000,0x0000002e0e200000] [id=16316]
  0x0000015e7d1dd000 WatcherThread [stack: 0x0000002e0ea00000,0x0000002e0eb00000] [id=6748]
  0x0000015e6abdd800 GCTaskThread "GC Thread#0" [stack: 0x0000002e0dc00000,0x0000002e0dd00000] [id=8984]
  0x0000015e6abed000 ConcurrentGCThread "G1 Main Marker" [stack: 0x0000002e0dd00000,0x0000002e0de00000] [id=18408]
  0x0000015e6abee800 ConcurrentGCThread "G1 Conc#0" [stack: 0x0000002e0de00000,0x0000002e0df00000] [id=10208]
  0x0000015e7c660800 ConcurrentGCThread "G1 Refine#0" [stack: 0x0000002e0df00000,0x0000002e0e000000] [id=22380]
  0x0000015e7c663000 ConcurrentGCThread "G1 Young RemSet Sampling" [stack: 0x0000002e0e000000,0x0000002e0e100000] [id=6288]

Threads with active compile tasks:
C2 CompilerThread0   684       4       jdk.internal.org.objectweb.asm.Frame::execute (2305 bytes)

VM state:not at safepoint (normal execution)

VM Mutex/Monitor currently owned by a thread: None

Heap address: 0x0000000081e00000, size: 2018 MB, Compressed Oops mode: 32-bit
Narrow klass base: 0x0000000800000000, Narrow klass shift: 3
Compressed class space size: 1073741824 Address: 0x00000008011a0000

Heap:
 garbage-first heap   total 131072K, used 10240K [0x0000000081e00000, 0x0000000100000000)
  region size 1024K, 9 young (9216K), 0 survivors (0K)
 Metaspace       used 6972K, capacity 7216K, committed 7424K, reserved 1056768K
  class space    used 781K, capacity 903K, committed 1024K, reserved 1048576K
Heap Regions: E=young(eden), S=young(survivor), O=old, HS=humongous(starts), HC=humongous(continues), CS=collection set, F=free, A=archive, TAMS=top-at-mark-start (previous, next)
|   0|0x0000000081e00000, 0x0000000081f00000, 0x0000000081f00000|100%|HS|  |TAMS 0x0000000081e00000, 0x0000000081e00000| Complete 
|   1|0x0000000081f00000, 0x0000000082000000, 0x0000000082000000|100%|HC|  |TAMS 0x0000000081f00000, 0x0000000081f00000| Complete 
|   2|0x0000000082000000, 0x0000000082100000, 0x0000000082100000|100%|HC|  |TAMS 0x0000000082000000, 0x0000000082000000| Complete 
|   3|0x0000000082100000, 0x0000000082100000, 0x0000000082200000|  0%| F|  |TAMS 0x0000000082100000, 0x0000000082100000| Untracked 
|   4|0x0000000082200000, 0x0000000082200000, 0x0000000082300000|  0%| F|  |TAMS 0x0000000082200000, 0x0000000082200000| Untracked 
|   5|0x0000000082300000, 0x0000000082300000, 0x0000000082400000|  0%| F|  |TAMS 0x0000000082300000, 0x0000000082300000| Untracked 
|   6|0x0000000082400000, 0x0000000082400000, 0x0000000082500000|  0%| F|  |TAMS 0x0000000082400000, 0x0000000082400000| Untracked 
|   7|0x0000000082500000, 0x0000000082500000, 0x0000000082600000|  0%| F|  |TAMS 0x0000000082500000, 0x0000000082500000| Untracked 
|   8|0x0000000082600000, 0x0000000082600000, 0x0000000082700000|  0%| F|  |TAMS 0x0000000082600000, 0x0000000082600000| Untracked 
|   9|0x0000000082700000, 0x0000000082700000, 0x0000000082800000|  0%| F|  |TAMS 0x0000000082700000, 0x0000000082700000| Untracked 
|  10|0x0000000082800000, 0x0000000082800000, 0x0000000082900000|  0%| F|  |TAMS 0x0000000082800000, 0x0000000082800000| Untracked 
|  11|0x0000000082900000, 0x0000000082900000, 0x0000000082a00000|  0%| F|  |TAMS 0x0000000082900000, 0x0000000082900000| Untracked 
|  12|0x0000000082a00000, 0x0000000082a00000, 0x0000000082b00000|  0%| F|  |TAMS 0x0000000082a00000, 0x0000000082a00000| Untracked 
|  13|0x0000000082b00000, 0x0000000082b00000, 0x0000000082c00000|  0%| F|  |TAMS 0x0000000082b00000, 0x0000000082b00000| Untracked 
|  14|0x0000000082c00000, 0x0000000082c00000, 0x0000000082d00000|  0%| F|  |TAMS 0x0000000082c00000, 0x0000000082c00000| Untracked 
|  15|0x0000000082d00000, 0x0000000082d00000, 0x0000000082e00000|  0%| F|  |TAMS 0x0000000082d00000, 0x0000000082d00000| Untracked 
|  16|0x0000000082e00000, 0x0000000082e00000, 0x0000000082f00000|  0%| F|  |TAMS 0x0000000082e00000, 0x0000000082e00000| Untracked 
|  17|0x0000000082f00000, 0x0000000082f00000, 0x0000000083000000|  0%| F|  |TAMS 0x0000000082f00000, 0x0000000082f00000| Untracked 
|  18|0x0000000083000000, 0x0000000083000000, 0x0000000083100000|  0%| F|  |TAMS 0x0000000083000000, 0x0000000083000000| Untracked 
|  19|0x0000000083100000, 0x0000000083100000, 0x0000000083200000|  0%| F|  |TAMS 0x0000000083100000, 0x0000000083100000| Untracked 
|  20|0x0000000083200000, 0x0000000083200000, 0x0000000083300000|  0%| F|  |TAMS 0x0000000083200000, 0x0000000083200000| Untracked 
|  21|0x0000000083300000, 0x0000000083300000, 0x0000000083400000|  0%| F|  |TAMS 0x0000000083300000, 0x0000000083300000| Untracked 
|  22|0x0000000083400000, 0x0000000083400000, 0x0000000083500000|  0%| F|  |TAMS 0x0000000083400000, 0x0000000083400000| Untracked 
|  23|0x0000000083500000, 0x0000000083500000, 0x0000000083600000|  0%| F|  |TAMS 0x0000000083500000, 0x0000000083500000| Untracked 
|  24|0x0000000083600000, 0x0000000083600000, 0x0000000083700000|  0%| F|  |TAMS 0x0000000083600000, 0x0000000083600000| Untracked 
|  25|0x0000000083700000, 0x0000000083700000, 0x0000000083800000|  0%| F|  |TAMS 0x0000000083700000, 0x0000000083700000| Untracked 
|  26|0x0000000083800000, 0x0000000083800000, 0x0000000083900000|  0%| F|  |TAMS 0x0000000083800000, 0x0000000083800000| Untracked 
|  27|0x0000000083900000, 0x0000000083900000, 0x0000000083a00000|  0%| F|  |TAMS 0x0000000083900000, 0x0000000083900000| Untracked 
|  28|0x0000000083a00000, 0x0000000083a00000, 0x0000000083b00000|  0%| F|  |TAMS 0x0000000083a00000, 0x0000000083a00000| Untracked 
|  29|0x0000000083b00000, 0x0000000083b00000, 0x0000000083c00000|  0%| F|  |TAMS 0x0000000083b00000, 0x0000000083b00000| Untracked 
|  30|0x0000000083c00000, 0x0000000083c00000, 0x0000000083d00000|  0%| F|  |TAMS 0x0000000083c00000, 0x0000000083c00000| Untracked 
|  31|0x0000000083d00000, 0x0000000083d00000, 0x0000000083e00000|  0%| F|  |TAMS 0x0000000083d00000, 0x0000000083d00000| Untracked 
|  32|0x0000000083e00000, 0x0000000083e00000, 0x0000000083f00000|  0%| F|  |TAMS 0x0000000083e00000, 0x0000000083e00000| Untracked 
|  33|0x0000000083f00000, 0x0000000083f00000, 0x0000000084000000|  0%| F|  |TAMS 0x0000000083f00000, 0x0000000083f00000| Untracked 
|  34|0x0000000084000000, 0x0000000084000000, 0x0000000084100000|  0%| F|  |TAMS 0x0000000084000000, 0x0000000084000000| Untracked 
|  35|0x0000000084100000, 0x0000000084100000, 0x0000000084200000|  0%| F|  |TAMS 0x0000000084100000, 0x0000000084100000| Untracked 
|  36|0x0000000084200000, 0x0000000084200000, 0x0000000084300000|  0%| F|  |TAMS 0x0000000084200000, 0x0000000084200000| Untracked 
|  37|0x0000000084300000, 0x0000000084300000, 0x0000000084400000|  0%| F|  |TAMS 0x0000000084300000, 0x0000000084300000| Untracked 
|  38|0x0000000084400000, 0x0000000084400000, 0x0000000084500000|  0%| F|  |TAMS 0x0000000084400000, 0x0000000084400000| Untracked 
|  39|0x0000000084500000, 0x0000000084500000, 0x0000000084600000|  0%| F|  |TAMS 0x0000000084500000, 0x0000000084500000| Untracked 
|  40|0x0000000084600000, 0x0000000084600000, 0x0000000084700000|  0%| F|  |TAMS 0x0000000084600000, 0x0000000084600000| Untracked 
|  41|0x0000000084700000, 0x0000000084700000, 0x0000000084800000|  0%| F|  |TAMS 0x0000000084700000, 0x0000000084700000| Untracked 
|  42|0x0000000084800000, 0x0000000084800000, 0x0000000084900000|  0%| F|  |TAMS 0x0000000084800000, 0x0000000084800000| Untracked 
|  43|0x0000000084900000, 0x0000000084900000, 0x0000000084a00000|  0%| F|  |TAMS 0x0000000084900000, 0x0000000084900000| Untracked 
|  44|0x0000000084a00000, 0x0000000084a00000, 0x0000000084b00000|  0%| F|  |TAMS 0x0000000084a00000, 0x0000000084a00000| Untracked 
|  45|0x0000000084b00000, 0x0000000084b00000, 0x0000000084c00000|  0%| F|  |TAMS 0x0000000084b00000, 0x0000000084b00000| Untracked 
|  46|0x0000000084c00000, 0x0000000084c00000, 0x0000000084d00000|  0%| F|  |TAMS 0x0000000084c00000, 0x0000000084c00000| Untracked 
|  47|0x0000000084d00000, 0x0000000084d00000, 0x0000000084e00000|  0%| F|  |TAMS 0x0000000084d00000, 0x0000000084d00000| Untracked 
|  48|0x0000000084e00000, 0x0000000084e00000, 0x0000000084f00000|  0%| F|  |TAMS 0x0000000084e00000, 0x0000000084e00000| Untracked 
|  49|0x0000000084f00000, 0x0000000084f00000, 0x0000000085000000|  0%| F|  |TAMS 0x0000000084f00000, 0x0000000084f00000| Untracked 
|  50|0x0000000085000000, 0x0000000085000000, 0x0000000085100000|  0%| F|  |TAMS 0x0000000085000000, 0x0000000085000000| Untracked 
|  51|0x0000000085100000, 0x0000000085100000, 0x0000000085200000|  0%| F|  |TAMS 0x0000000085100000, 0x0000000085100000| Untracked 
|  52|0x0000000085200000, 0x0000000085200000, 0x0000000085300000|  0%| F|  |TAMS 0x0000000085200000, 0x0000000085200000| Untracked 
|  53|0x0000000085300000, 0x0000000085300000, 0x0000000085400000|  0%| F|  |TAMS 0x0000000085300000, 0x0000000085300000| Untracked 
|  54|0x0000000085400000, 0x0000000085400000, 0x0000000085500000|  0%| F|  |TAMS 0x0000000085400000, 0x0000000085400000| Untracked 
|  55|0x0000000085500000, 0x0000000085500000, 0x0000000085600000|  0%| F|  |TAMS 0x0000000085500000, 0x0000000085500000| Untracked 
|  56|0x0000000085600000, 0x0000000085600000, 0x0000000085700000|  0%| F|  |TAMS 0x0000000085600000, 0x0000000085600000| Untracked 
|  57|0x0000000085700000, 0x0000000085700000, 0x0000000085800000|  0%| F|  |TAMS 0x0000000085700000, 0x0000000085700000| Untracked 
|  58|0x0000000085800000, 0x0000000085800000, 0x0000000085900000|  0%| F|  |TAMS 0x0000000085800000, 0x0000000085800000| Untracked 
|  59|0x0000000085900000, 0x0000000085900000, 0x0000000085a00000|  0%| F|  |TAMS 0x0000000085900000, 0x0000000085900000| Untracked 
|  60|0x0000000085a00000, 0x0000000085a00000, 0x0000000085b00000|  0%| F|  |TAMS 0x0000000085a00000, 0x0000000085a00000| Untracked 
|  61|0x0000000085b00000, 0x0000000085b00000, 0x0000000085c00000|  0%| F|  |TAMS 0x0000000085b00000, 0x0000000085b00000| Untracked 
|  62|0x0000000085c00000, 0x0000000085c00000, 0x0000000085d00000|  0%| F|  |TAMS 0x0000000085c00000, 0x0000000085c00000| Untracked 
|  63|0x0000000085d00000, 0x0000000085d00000, 0x0000000085e00000|  0%| F|  |TAMS 0x0000000085d00000, 0x0000000085d00000| Untracked 
|  64|0x0000000085e00000, 0x0000000085e00000, 0x0000000085f00000|  0%| F|  |TAMS 0x0000000085e00000, 0x0000000085e00000| Untracked 
|  65|0x0000000085f00000, 0x0000000085f00000, 0x0000000086000000|  0%| F|  |TAMS 0x0000000085f00000, 0x0000000085f00000| Untracked 
|  66|0x0000000086000000, 0x0000000086000000, 0x0000000086100000|  0%| F|  |TAMS 0x0000000086000000, 0x0000000086000000| Untracked 
|  67|0x0000000086100000, 0x0000000086100000, 0x0000000086200000|  0%| F|  |TAMS 0x0000000086100000, 0x0000000086100000| Untracked 
|  68|0x0000000086200000, 0x0000000086200000, 0x0000000086300000|  0%| F|  |TAMS 0x0000000086200000, 0x0000000086200000| Untracked 
|  69|0x0000000086300000, 0x0000000086300000, 0x0000000086400000|  0%| F|  |TAMS 0x0000000086300000, 0x0000000086300000| Untracked 
|  70|0x0000000086400000, 0x0000000086400000, 0x0000000086500000|  0%| F|  |TAMS 0x0000000086400000, 0x0000000086400000| Untracked 
|  71|0x0000000086500000, 0x0000000086500000, 0x0000000086600000|  0%| F|  |TAMS 0x0000000086500000, 0x0000000086500000| Untracked 
|  72|0x0000000086600000, 0x0000000086600000, 0x0000000086700000|  0%| F|  |TAMS 0x0000000086600000, 0x0000000086600000| Untracked 
|  73|0x0000000086700000, 0x0000000086700000, 0x0000000086800000|  0%| F|  |TAMS 0x0000000086700000, 0x0000000086700000| Untracked 
|  74|0x0000000086800000, 0x0000000086800000, 0x0000000086900000|  0%| F|  |TAMS 0x0000000086800000, 0x0000000086800000| Untracked 
|  75|0x0000000086900000, 0x0000000086900000, 0x0000000086a00000|  0%| F|  |TAMS 0x0000000086900000, 0x0000000086900000| Untracked 
|  76|0x0000000086a00000, 0x0000000086a00000, 0x0000000086b00000|  0%| F|  |TAMS 0x0000000086a00000, 0x0000000086a00000| Untracked 
|  77|0x0000000086b00000, 0x0000000086b00000, 0x0000000086c00000|  0%| F|  |TAMS 0x0000000086b00000, 0x0000000086b00000| Untracked 
|  78|0x0000000086c00000, 0x0000000086c00000, 0x0000000086d00000|  0%| F|  |TAMS 0x0000000086c00000, 0x0000000086c00000| Untracked 
|  79|0x0000000086d00000, 0x0000000086d00000, 0x0000000086e00000|  0%| F|  |TAMS 0x0000000086d00000, 0x0000000086d00000| Untracked 
|  80|0x0000000086e00000, 0x0000000086e00000, 0x0000000086f00000|  0%| F|  |TAMS 0x0000000086e00000, 0x0000000086e00000| Untracked 
|  81|0x0000000086f00000, 0x0000000086f00000, 0x0000000087000000|  0%| F|  |TAMS 0x0000000086f00000, 0x0000000086f00000| Untracked 
|  82|0x0000000087000000, 0x0000000087000000, 0x0000000087100000|  0%| F|  |TAMS 0x0000000087000000, 0x0000000087000000| Untracked 
|  83|0x0000000087100000, 0x0000000087100000, 0x0000000087200000|  0%| F|  |TAMS 0x0000000087100000, 0x0000000087100000| Untracked 
|  84|0x0000000087200000, 0x0000000087200000, 0x0000000087300000|  0%| F|  |TAMS 0x0000000087200000, 0x0000000087200000| Untracked 
|  85|0x0000000087300000, 0x0000000087300000, 0x0000000087400000|  0%| F|  |TAMS 0x0000000087300000, 0x0000000087300000| Untracked 
|  86|0x0000000087400000, 0x0000000087400000, 0x0000000087500000|  0%| F|  |TAMS 0x0000000087400000, 0x0000000087400000| Untracked 
|  87|0x0000000087500000, 0x0000000087500000, 0x0000000087600000|  0%| F|  |TAMS 0x0000000087500000, 0x0000000087500000| Untracked 
|  88|0x0000000087600000, 0x0000000087600000, 0x0000000087700000|  0%| F|  |TAMS 0x0000000087600000, 0x0000000087600000| Untracked 
|  89|0x0000000087700000, 0x0000000087700000, 0x0000000087800000|  0%| F|  |TAMS 0x0000000087700000, 0x0000000087700000| Untracked 
|  90|0x0000000087800000, 0x0000000087800000, 0x0000000087900000|  0%| F|  |TAMS 0x0000000087800000, 0x0000000087800000| Untracked 
|  91|0x0000000087900000, 0x0000000087900000, 0x0000000087a00000|  0%| F|  |TAMS 0x0000000087900000, 0x0000000087900000| Untracked 
|  92|0x0000000087a00000, 0x0000000087a00000, 0x0000000087b00000|  0%| F|  |TAMS 0x0000000087a00000, 0x0000000087a00000| Untracked 
|  93|0x0000000087b00000, 0x0000000087b00000, 0x0000000087c00000|  0%| F|  |TAMS 0x0000000087b00000, 0x0000000087b00000| Untracked 
|  94|0x0000000087c00000, 0x0000000087c00000, 0x0000000087d00000|  0%| F|  |TAMS 0x0000000087c00000, 0x0000000087c00000| Untracked 
|  95|0x0000000087d00000, 0x0000000087d00000, 0x0000000087e00000|  0%| F|  |TAMS 0x0000000087d00000, 0x0000000087d00000| Untracked 
|  96|0x0000000087e00000, 0x0000000087e00000, 0x0000000087f00000|  0%| F|  |TAMS 0x0000000087e00000, 0x0000000087e00000| Untracked 
|  97|0x0000000087f00000, 0x0000000087f00000, 0x0000000088000000|  0%| F|  |TAMS 0x0000000087f00000, 0x0000000087f00000| Untracked 
|  98|0x0000000088000000, 0x0000000088000000, 0x0000000088100000|  0%| F|  |TAMS 0x0000000088000000, 0x0000000088000000| Untracked 
|  99|0x0000000088100000, 0x0000000088100000, 0x0000000088200000|  0%| F|  |TAMS 0x0000000088100000, 0x0000000088100000| Untracked 
| 100|0x0000000088200000, 0x0000000088200000, 0x0000000088300000|  0%| F|  |TAMS 0x0000000088200000, 0x0000000088200000| Untracked 
| 101|0x0000000088300000, 0x0000000088300000, 0x0000000088400000|  0%| F|  |TAMS 0x0000000088300000, 0x0000000088300000| Untracked 
| 102|0x0000000088400000, 0x0000000088400000, 0x0000000088500000|  0%| F|  |TAMS 0x0000000088400000, 0x0000000088400000| Untracked 
| 103|0x0000000088500000, 0x0000000088500000, 0x0000000088600000|  0%| F|  |TAMS 0x0000000088500000, 0x0000000088500000| Untracked 
| 104|0x0000000088600000, 0x0000000088600000, 0x0000000088700000|  0%| F|  |TAMS 0x0000000088600000, 0x0000000088600000| Untracked 
| 105|0x0000000088700000, 0x0000000088700000, 0x0000000088800000|  0%| F|  |TAMS 0x0000000088700000, 0x0000000088700000| Untracked 
| 106|0x0000000088800000, 0x0000000088800000, 0x0000000088900000|  0%| F|  |TAMS 0x0000000088800000, 0x0000000088800000| Untracked 
| 107|0x0000000088900000, 0x0000000088900000, 0x0000000088a00000|  0%| F|  |TAMS 0x0000000088900000, 0x0000000088900000| Untracked 
| 108|0x0000000088a00000, 0x0000000088a00000, 0x0000000088b00000|  0%| F|  |TAMS 0x0000000088a00000, 0x0000000088a00000| Untracked 
| 109|0x0000000088b00000, 0x0000000088b00000, 0x0000000088c00000|  0%| F|  |TAMS 0x0000000088b00000, 0x0000000088b00000| Untracked 
| 110|0x0000000088c00000, 0x0000000088c00000, 0x0000000088d00000|  0%| F|  |TAMS 0x0000000088c00000, 0x0000000088c00000| Untracked 
| 111|0x0000000088d00000, 0x0000000088d00000, 0x0000000088e00000|  0%| F|  |TAMS 0x0000000088d00000, 0x0000000088d00000| Untracked 
| 112|0x0000000088e00000, 0x0000000088e00000, 0x0000000088f00000|  0%| F|  |TAMS 0x0000000088e00000, 0x0000000088e00000| Untracked 
| 113|0x0000000088f00000, 0x0000000088f00000, 0x0000000089000000|  0%| F|  |TAMS 0x0000000088f00000, 0x0000000088f00000| Untracked 
| 114|0x0000000089000000, 0x0000000089000000, 0x0000000089100000|  0%| F|  |TAMS 0x0000000089000000, 0x0000000089000000| Untracked 
| 115|0x0000000089100000, 0x0000000089100000, 0x0000000089200000|  0%| F|  |TAMS 0x0000000089100000, 0x0000000089100000| Untracked 
| 116|0x0000000089200000, 0x0000000089200000, 0x0000000089300000|  0%| F|  |TAMS 0x0000000089200000, 0x0000000089200000| Untracked 
| 117|0x0000000089300000, 0x0000000089300000, 0x0000000089400000|  0%| F|  |TAMS 0x0000000089300000, 0x0000000089300000| Untracked 
| 118|0x0000000089400000, 0x0000000089400000, 0x0000000089500000|  0%| F|  |TAMS 0x0000000089400000, 0x0000000089400000| Untracked 
| 119|0x0000000089500000, 0x000000008957b630, 0x0000000089600000| 48%| E|  |TAMS 0x0000000089500000, 0x0000000089500000| Complete 
| 120|0x0000000089600000, 0x0000000089700000, 0x0000000089700000|100%| E|CS|TAMS 0x0000000089600000, 0x0000000089600000| Complete 
| 121|0x0000000089700000, 0x0000000089800000, 0x0000000089800000|100%| E|CS|TAMS 0x0000000089700000, 0x0000000089700000| Complete 
| 122|0x0000000089800000, 0x0000000089900000, 0x0000000089900000|100%| E|  |TAMS 0x0000000089800000, 0x0000000089800000| Complete 
| 123|0x0000000089900000, 0x0000000089a00000, 0x0000000089a00000|100%| E|CS|TAMS 0x0000000089900000, 0x0000000089900000| Complete 
| 124|0x0000000089a00000, 0x0000000089b00000, 0x0000000089b00000|100%| E|CS|TAMS 0x0000000089a00000, 0x0000000089a00000| Complete 
| 125|0x0000000089b00000, 0x0000000089c00000, 0x0000000089c00000|100%| E|CS|TAMS 0x0000000089b00000, 0x0000000089b00000| Complete 
| 126|0x0000000089c00000, 0x0000000089d00000, 0x0000000089d00000|100%| E|CS|TAMS 0x0000000089c00000, 0x0000000089c00000| Complete 
| 127|0x0000000089d00000, 0x0000000089e00000, 0x0000000089e00000|100%| E|CS|TAMS 0x0000000089d00000, 0x0000000089d00000| Complete 

Card table byte_map: [0x0000015e75600000,0x0000015e75a00000] _byte_map_base: 0x0000015e751f1000

Marking Bits (Prev, Next): (CMBitMap*) 0x0000015e6abe02f8, (CMBitMap*) 0x0000015e6abe0338
 Prev Bits: [0x0000015e75e00000, 0x0000015e77d88000)
 Next Bits: [0x0000015e77d90000, 0x0000015e79d18000)

Polling page: 0x0000015e6ac70000

Metaspace:

Usage:
  Non-class:      6.17 MB capacity,     6.05 MB ( 98%) used,    98.16 KB (  2%) free+waste,    23.13 KB ( <1%) overhead. 
      Class:    903.00 KB capacity,   781.04 KB ( 86%) used,   107.27 KB ( 12%) free+waste,    14.69 KB (  2%) overhead. 
       Both:      7.05 MB capacity,     6.81 MB ( 97%) used,   205.44 KB (  3%) free+waste,    37.81 KB ( <1%) overhead. 

Virtual space:
  Non-class space:        8.00 MB reserved,       6.25 MB ( 78%) committed 
      Class space:        1.00 GB reserved,       1.00 MB ( <1%) committed 
             Both:        1.01 GB reserved,       7.25 MB ( <1%) committed 

Chunk freelists:
   Non-Class:  2.88 KB
       Class:  3.13 KB
        Both:  6.00 KB

CodeHeap 'non-profiled nmethods': size=120000Kb used=180Kb max_used=180Kb free=119819Kb
 bounds [0x0000015e07ad0000, 0x0000015e07d40000, 0x0000015e0f000000]
CodeHeap 'profiled nmethods': size=120000Kb used=1213Kb max_used=1213Kb free=118787Kb
 bounds [0x0000015e005a0000, 0x0000015e00810000, 0x0000015e07ad0000]
CodeHeap 'non-nmethods': size=5760Kb used=1197Kb max_used=1206Kb free=4562Kb
 bounds [0x0000015e00000000, 0x0000015e00270000, 0x0000015e005a0000]
 total_blobs=1369 nmethods=718 adapters=456
 compilation: enabled
              stopped_count=0, restarted_count=0
 full_count=0

Compilation events (10 events):
Event: 0.766 Thread 0x0000015e7c811800  693       3       java.lang.CharacterData00::getProperties (32 bytes)
Event: 0.766 Thread 0x0000015e7c811800 nmethod 693 0x0000015e006c6890 code [0x0000015e006c6a60, 0x0000015e006c6c98]
Event: 0.766 Thread 0x0000015e7c811800  695       3       java.util.HashMap$EntryIterator::next (5 bytes)
Event: 0.766 Thread 0x0000015e7c811800 nmethod 695 0x0000015e006c6e10 code [0x0000015e006c6fe0, 0x0000015e006c7190]
Event: 0.775 Thread 0x0000015e7c811800  696       3       java.nio.ByteBuffer::<init> (45 bytes)
Event: 0.776 Thread 0x0000015e7c811800 nmethod 696 0x0000015e006c7210 code [0x0000015e006c73e0, 0x0000015e006c7670]
Event: 0.777 Thread 0x0000015e7c811800  699       3       jdk.internal.misc.Unsafe::getShortUnaligned (12 bytes)
Event: 0.777 Thread 0x0000015e7c811800 nmethod 699 0x0000015e006c7790 code [0x0000015e006c7960, 0x0000015e006c7c18]
Event: 0.777 Thread 0x0000015e7c811800  700       3       jdk.internal.misc.Unsafe::getShortUnaligned (33 bytes)
Event: 0.777 Thread 0x0000015e7c811800 nmethod 700 0x0000015e006c7d10 code [0x0000015e006c7f00, 0x0000015e006c8318]

GC Heap History (0 events):
No events

Deoptimization events (5 events):
Event: 0.161 Thread 0x0000015e6ab9e800 Uncommon trap: reason=unstable_if action=reinterpret pc=0x0000015e07ad4fc0 method=java.lang.String.hashCode()I @ 22 c2
Event: 0.356 Thread 0x0000015e6ab9e800 Uncommon trap: reason=profile_predicate action=maybe_recompile pc=0x0000015e07ae5824 method=jdk.internal.org.objectweb.asm.ByteVector.putUTF8(Ljava/lang/String;)Ljdk/internal/org/objectweb/asm/ByteVector; @ 79 c2
Event: 0.356 Thread 0x0000015e6ab9e800 Uncommon trap: reason=profile_predicate action=maybe_recompile pc=0x0000015e07ae5824 method=jdk.internal.org.objectweb.asm.ByteVector.putUTF8(Ljava/lang/String;)Ljdk/internal/org/objectweb/asm/ByteVector; @ 79 c2
Event: 0.356 Thread 0x0000015e6ab9e800 Uncommon trap: reason=profile_predicate action=maybe_recompile pc=0x0000015e07ae5824 method=jdk.internal.org.objectweb.asm.ByteVector.putUTF8(Ljava/lang/String;)Ljdk/internal/org/objectweb/asm/ByteVector; @ 79 c2
Event: 0.356 Thread 0x0000015e6ab9e800 Uncommon trap: reason=profile_predicate action=maybe_recompile pc=0x0000015e07ae5824 method=jdk.internal.org.objectweb.asm.ByteVector.putUTF8(Ljava/lang/String;)Ljdk/internal/org/objectweb/asm/ByteVector; @ 79 c2

Classes redefined (0 events):
No events

Internal exceptions (10 events):
Event: 0.346 Thread 0x0000015e6ab9e800 Exception <a 'java/io/FileNotFoundException'{0x0000000089b0ebe0}> (0x0000000089b0ebe0) thrown at [t:/workspace/open/src/hotspot/share/prims/jni.cpp, line 615]
Event: 0.489 Thread 0x0000015e7d471000 Exception <a 'java/lang/NoSuchMethodError'{0x0000000089b80460}: java.lang.invoke.DirectMethodHandle$Holder.invokeSpecial(Ljava/lang/Object;Ljava/lang/Object;)V> (0x0000000089b80460) thrown at [t:/workspace/open/src/hotspot/share/interpreter/linkResolver.c
Event: 0.492 Thread 0x0000015e6ab9e800 Exception <a 'java/lang/NoSuchMethodError'{0x0000000089a03ee0}: java.lang.invoke.DirectMethodHandle$Holder.invokeStatic(Ljava/lang/Object;Ljava/lang/Object;Ljava/lang/Object;Ljava/lang/Object;Ljava/lang/Object;Ljava/lang/Object;Ljava/lang/Object;J)Ljava/l
Event: 0.516 Thread 0x0000015e6ab9e800 Exception <a 'java/lang/NoSuchMethodError'{0x0000000089ab1580}: java.lang.invoke.DirectMethodHandle$Holder.invokeStatic(Ljava/lang/Object;ILjava/lang/Object;Ljava/lang/Object;Ljava/lang/Object;Ljava/lang/Object;)Ljava/lang/Object;> (0x0000000089ab1580) th
Event: 0.517 Thread 0x0000015e6ab9e800 Exception <a 'java/lang/NoSuchMethodError'{0x0000000089ab81a0}: java.lang.invoke.DirectMethodHandle$Holder.invokeStatic(Ljava/lang/Object;ILjava/lang/Object;Ljava/lang/Object;Ljava/lang/Object;)Ljava/lang/Object;> (0x0000000089ab81a0) thrown at [t:/worksp
Event: 0.517 Thread 0x0000015e6ab9e800 Exception <a 'java/lang/NoSuchMethodError'{0x0000000089abb9f8}: java.lang.invoke.DirectMethodHandle$Holder.invokeSpecial(Ljava/lang/Object;Ljava/lang/Object;ILjava/lang/Object;Ljava/lang/Object;Ljava/lang/Object;)Ljava/lang/Object;> (0x0000000089abb9f8) t
Event: 0.532 Thread 0x0000015e6ab9e800 Exception <a 'java/lang/ClassNotFoundException'{0x000000008997aaf0}: com/sun/swing/internal/plaf/metal/resources/spi/metalProvider> (0x000000008997aaf0) thrown at [t:/workspace/open/src/hotspot/share/classfile/systemDictionary.cpp, line 235]
Event: 0.533 Thread 0x0000015e6ab9e800 Exception <a 'java/lang/ClassNotFoundException'{0x00000000899817f8}: com/sun/swing/internal/plaf/basic/resources/spi/basicProvider> (0x00000000899817f8) thrown at [t:/workspace/open/src/hotspot/share/classfile/systemDictionary.cpp, line 235]
Event: 0.648 Thread 0x0000015e6ab9e800 Exception <a 'java/lang/NoSuchMethodError'{0x0000000089753128}: java.lang.invoke.DirectMethodHandle$Holder.invokeStaticInit(Ljava/lang/Object;)V> (0x0000000089753128) thrown at [t:/workspace/open/src/hotspot/share/interpreter/linkResolver.cpp, line 777]
Event: 0.710 Thread 0x0000015e6ab9e800 Exception <a 'java/lang/NoSuchMethodError'{0x000000008962b830}: java.lang.invoke.Invokers$Holder.linkToTargetMethod(Ljava/lang/Object;ILjava/lang/Object;)Ljava/lang/Object;> (0x000000008962b830) thrown at [t:/workspace/open/src/hotspot/share/interpreter/l

Events (10 events):
Event: 0.746 loading class java/awt/FontMetrics done
Event: 0.746 loading class sun/font/FontDesignMetrics done
Event: 0.746 loading class sun/font/FontDesignMetrics$MetricsKey
Event: 0.746 loading class sun/font/FontDesignMetrics$MetricsKey done
Event: 0.746 Executing VM operation: RevokeBias
Event: 0.746 Executing VM operation: RevokeBias done
Event: 0.748 loading class sun/font/SunFontManager$FamilyDescription
Event: 0.748 loading class sun/font/SunFontManager$FamilyDescription done
Event: 0.748 Executing VM operation: RevokeBias
Event: 0.748 Executing VM operation: RevokeBias done


Dynamic libraries:
0x00007ff6b9520000 - 0x00007ff6b952f000 	F:\JAVA\jdk\bin\javaw.exe
0x00007ffabcf80000 - 0x00007ffabd170000 	C:\WINDOWS\SYSTEM32\ntdll.dll
0x00007ffabbe50000 - 0x00007ffabbf02000 	C:\WINDOWS\System32\KERNEL32.DLL
0x00007ffab9f90000 - 0x00007ffaba234000 	C:\WINDOWS\System32\KERNELBASE.dll
0x00007ffabae50000 - 0x00007ffabaf4a000 	C:\WINDOWS\System32\ucrtbase.dll
0x00007ffa96060000 - 0x00007ffa96076000 	F:\JAVA\jdk\bin\VCRUNTIME140.dll
0x00007ffa9aa10000 - 0x00007ffa9aa28000 	F:\JAVA\jdk\bin\jli.dll
0x00007ffabbac0000 - 0x00007ffabbb63000 	C:\WINDOWS\System32\ADVAPI32.dll
0x00007ffabbf10000 - 0x00007ffabbfae000 	C:\WINDOWS\System32\msvcrt.dll
0x00007ffabbfb0000 - 0x00007ffabc047000 	C:\WINDOWS\System32\sechost.dll
0x00007ffabb990000 - 0x00007ffabbab0000 	C:\WINDOWS\System32\RPCRT4.dll
0x00007ffabbc30000 - 0x00007ffabbdc4000 	C:\WINDOWS\System32\USER32.dll
0x00007ffab9f60000 - 0x00007ffab9f81000 	C:\WINDOWS\System32\win32u.dll
0x00007ffabb320000 - 0x00007ffabb346000 	C:\WINDOWS\System32\GDI32.dll
0x00007ffabacb0000 - 0x00007ffabae45000 	C:\WINDOWS\System32\gdi32full.dll
0x00007ffaba260000 - 0x00007ffaba2fe000 	C:\WINDOWS\System32\msvcp_win.dll
0x00007ffa99c20000 - 0x00007ffa99ea4000 	C:\WINDOWS\WinSxS\amd64_microsoft.windows.common-controls_6595b64144ccf1df_6.0.18362.900_none_e6beb9d913147d17\COMCTL32.dll
0x00007ffabb4d0000 - 0x00007ffabb805000 	C:\WINDOWS\System32\combase.dll
0x00007ffaba450000 - 0x00007ffaba4d0000 	C:\WINDOWS\System32\bcryptPrimitives.dll
0x00007ffab3c20000 - 0x00007ffab3c2a000 	C:\WINDOWS\SYSTEM32\VERSION.dll
0x00007ffabbb90000 - 0x00007ffabbbbe000 	C:\WINDOWS\System32\IMM32.DLL
0x00007ffa6de00000 - 0x00007ffa6deaa000 	F:\JAVA\jdk\bin\msvcp140.dll
0x00007ffa6d260000 - 0x00007ffa6ddd4000 	F:\JAVA\jdk\bin\server\jvm.dll
0x00007ffabb350000 - 0x00007ffabb358000 	C:\WINDOWS\System32\PSAPI.DLL
0x00007ffab1760000 - 0x00007ffab1769000 	C:\WINDOWS\SYSTEM32\WSOCK32.dll
0x00007ffab7ba0000 - 0x00007ffab7bc4000 	C:\WINDOWS\SYSTEM32\WINMM.dll
0x00007ffabbbc0000 - 0x00007ffabbc2f000 	C:\WINDOWS\System32\WS2_32.dll
0x00007ffab7630000 - 0x00007ffab765d000 	C:\WINDOWS\SYSTEM32\WINMMBASE.dll
0x00007ffab9f10000 - 0x00007ffab9f5a000 	C:\WINDOWS\System32\cfgmgr32.dll
0x00007ffab9e70000 - 0x00007ffab9e81000 	C:\WINDOWS\System32\kernel.appcore.dll
0x00007ffa95a30000 - 0x00007ffa95a41000 	F:\JAVA\jdk\bin\verify.dll
0x00007ffab7df0000 - 0x00007ffab7fe4000 	C:\WINDOWS\SYSTEM32\DBGHELP.DLL
0x00007ffaa6060000 - 0x00007ffaa608a000 	C:\WINDOWS\SYSTEM32\dbgcore.DLL
0x00007ffa92cc0000 - 0x00007ffa92ce6000 	F:\JAVA\jdk\bin\java.dll
0x00007ffa92ca0000 - 0x00007ffa92cb7000 	F:\JAVA\jdk\bin\zip.dll
0x00007ffab7dd0000 - 0x00007ffab7dda000 	F:\JAVA\jdk\bin\jimage.dll
0x00007ffabc610000 - 0x00007ffabccf6000 	C:\WINDOWS\System32\SHELL32.dll
0x00007ffabb8e0000 - 0x00007ffabb989000 	C:\WINDOWS\System32\shcore.dll
0x00007ffaba4d0000 - 0x00007ffabac50000 	C:\WINDOWS\System32\windows.storage.dll
0x00007ffab9ee0000 - 0x00007ffab9f03000 	C:\WINDOWS\System32\profapi.dll
0x00007ffab9e90000 - 0x00007ffab9eda000 	C:\WINDOWS\System32\powrprof.dll
0x00007ffab9e40000 - 0x00007ffab9e50000 	C:\WINDOWS\System32\UMPDC.dll
0x00007ffabb470000 - 0x00007ffabb4c2000 	C:\WINDOWS\System32\shlwapi.dll
0x00007ffaba240000 - 0x00007ffaba257000 	C:\WINDOWS\System32\cryptsp.dll
0x00007ffa92c80000 - 0x00007ffa92c99000 	F:\JAVA\jdk\bin\net.dll
0x00007ffaa8480000 - 0x00007ffaa8656000 	C:\WINDOWS\SYSTEM32\urlmon.dll
0x00007ffaabf30000 - 0x00007ffaac020000 	C:\WINDOWS\SYSTEM32\WINHTTP.dll
0x00007ffaa81b0000 - 0x00007ffaa8456000 	C:\WINDOWS\SYSTEM32\iertutil.dll
0x00007ffab9880000 - 0x00007ffab988c000 	C:\WINDOWS\SYSTEM32\CRYPTBASE.DLL
0x00007ffab96b0000 - 0x00007ffab9717000 	C:\WINDOWS\system32\mswsock.dll
0x00007ffa92c60000 - 0x00007ffa92c73000 	F:\JAVA\jdk\bin\nio.dll
0x00007ffa66490000 - 0x00007ffa6662f000 	F:\JAVA\jdk\bin\awt.dll
0x00007ffabb810000 - 0x00007ffabb8d5000 	C:\WINDOWS\System32\OLEAUT32.dll
0x00007ffab67d0000 - 0x00007ffab6d90000 	C:\WINDOWS\SYSTEM32\d2d1.dll
0x00007ffab7ff0000 - 0x00007ffab807f000 	C:\WINDOWS\SYSTEM32\apphelp.dll
0x00007ffab86f0000 - 0x00007ffab871d000 	C:\WINDOWS\system32\DWMAPI.DLL
0x00007ffab81b0000 - 0x00007ffab8249000 	C:\WINDOWS\system32\uxtheme.dll
0x00007ffa9da70000 - 0x00007ffa9dbc6000 	C:\WINDOWS\system32\opengl32.dll
0x00007ffab40d0000 - 0x00007ffab40fc000 	C:\WINDOWS\SYSTEM32\GLU32.dll
0x00007ffab8ab0000 - 0x00007ffab8ad0000 	C:\WINDOWS\SYSTEM32\dxcore.dll
0x00007ffabb1e0000 - 0x00007ffabb315000 	C:\WINDOWS\System32\MSCTF.dll
0x00007ffabcde0000 - 0x00007ffabcf37000 	C:\WINDOWS\System32\ole32.dll
0x00007ffa94060000 - 0x00007ffa9408d000 	F:\JAVA\jdk\bin\javajpeg.dll
0x00007ffa667d0000 - 0x00007ffa66850000 	F:\JAVA\jdk\bin\freetype.dll
0x00007ffa660c0000 - 0x00007ffa6612f000 	F:\JAVA\jdk\bin\fontmanager.dll
0x00007ffab4890000 - 0x00007ffab492e000 	C:\WINDOWS\System32\TextInputFramework.dll
0x00007ffab79d0000 - 0x00007ffab7aa4000 	C:\WINDOWS\System32\CoreMessaging.dll
0x00007ffab4f30000 - 0x00007ffab525a000 	C:\WINDOWS\System32\CoreUIComponents.dll
0x00007ffab8ea0000 - 0x00007ffab8ed1000 	C:\WINDOWS\SYSTEM32\ntmarta.dll
0x00007ffab5570000 - 0x00007ffab56c3000 	C:\WINDOWS\SYSTEM32\wintypes.dll

dbghelp: loaded successfully - version: 4.0.5 - missing functions: none
symbol engine: initialized successfully - sym options: 0x614 - pdb path: .;F:\JAVA\jdk\bin;C:\WINDOWS\SYSTEM32;C:\WINDOWS\WinSxS\amd64_microsoft.windows.common-controls_6595b64144ccf1df_6.0.18362.900_none_e6beb9d913147d17;F:\JAVA\jdk\bin\server

VM Arguments:
jvm_args: -Dfile.encoding=GBK 
java_command: 网上书城.main
java_class_path (initial): F:\javacode\wycNo.1\WYCno.1\wyc1\wyc01\网上书城\bin;F:\javacode\wycNo.1\WYCno.1\wyc1\wyc01\网上书城\libs\mysql-connector-java-5.1.41-bin.jar;F:\javacode\wycNo.1\WYCno.1\wyc1\wyc01\网上书城\libs\log4j-1.2.17.jar
Launcher Type: SUN_STANDARD

[Global flags]
     intx CICompilerCount                          = 4                                         {product} {ergonomic}
     uint ConcGCThreads                            = 2                                         {product} {ergonomic}
     uint G1ConcRefinementThreads                  = 8                                         {product} {ergonomic}
   size_t G1HeapRegionSize                         = 1048576                                   {product} {ergonomic}
    uintx GCDrainStackTargetSize                   = 64                                        {product} {ergonomic}
   size_t InitialHeapSize                          = 134217728                                 {product} {ergonomic}
   size_t MarkStackSize                            = 4194304                                   {product} {ergonomic}
   size_t MaxHeapSize                              = 2116026368                                {product} {ergonomic}
   size_t MaxNewSize                               = 1268776960                                {product} {ergonomic}
   size_t MinHeapDeltaBytes                        = 1048576                                   {product} {ergonomic}
    uintx NonNMethodCodeHeapSize                   = 5836300                                {pd product} {ergonomic}
    uintx NonProfiledCodeHeapSize                  = 122910970                              {pd product} {ergonomic}
    uintx ProfiledCodeHeapSize                     = 122910970                              {pd product} {ergonomic}
    uintx ReservedCodeCacheSize                    = 251658240                              {pd product} {ergonomic}
     bool SegmentedCodeCache                       = true                                      {product} {ergonomic}
     bool UseCompressedClassPointers               = true                                 {lp64_product} {ergonomic}
     bool UseCompressedOops                        = true                                 {lp64_product} {ergonomic}
     bool UseG1GC                                  = true                                      {product} {ergonomic}
     bool UseLargePagesIndividualAllocation        = false                                  {pd product} {ergonomic}

Logging:
Log output configuration:
 #0: stdout all=warning uptime,level,tags
 #1: stderr all=off uptime,level,tags

Environment Variables:
JAVA_HOME=F:\JAVA\jdk
CLASSPATH=.;F:\JAVA\jdk\lib;F:\JAVA\jdk\lib\tools.jar
PATH=F:/JAVA/jdk/bin/server;F:/JAVA/jdk/bin;C:\WINDOWS\system32;C:\WINDOWS;C:\WINDOWS\System32\Wbem;C:\WINDOWS\System32\WindowsPowerShell\v1.0\;C:\WINDOWS\System32\OpenSSH\;F:\JAVA\jdk\bin;F:\JAVA\jdk\jre\bin;C:\Program Files (x86)\Microsoft SQL Server\100\Tools\Binn\;C:\Program Files\Microsoft SQL Server\100\Tools\Binn\;C:\Program Files\Microsoft SQL Server\100\DTS\Binn\;C:\Program Files (x86)\Microsoft SQL Server\100\Tools\Binn\VSShell\Common7\IDE\;C:\Program Files (x86)\Microsoft Visual Studio 9.0\Common7\IDE\PrivateAssemblies\;C:\Program Files (x86)\Microsoft SQL Server\100\DTS\Binn\;C:\Program Files\MySQL\MySQL Utilities 1.6\;C:\Users\123\Anaconda2;C:\Users\123\Anaconda2\Library\mingw-w64\bin;C:\Users\123\Anaconda2\Library\usr\bin;C:\Users\123\Anaconda2\Library\bin;C:\Users\123\Anaconda2\Scripts;C:\Users\123\AppData\Local\Programs\Python\Python38\Scripts\;C:\Users\123\AppData\Local\Programs\Python\Python38\;C:\Users\123\AppData\Local\Microsoft\WindowsApps;;F:\JAVA\eclipse\eclipse;
USERNAME=123
OS=Windows_NT
PROCESSOR_IDENTIFIER=Intel64 Family 6 Model 158 Stepping 10, GenuineIntel



---------------  S Y S T E M  ---------------

OS: Windows 10 , 64 bit Build 18362 (10.0.18362.900)

CPU:total 8 (initial active 8) (4 cores per cpu, 2 threads per core) family 6 model 158 stepping 10, cmov, cx8, fxsr, mmx, sse, sse2, sse3, ssse3, sse4.1, sse4.2, popcnt, avx, avx2, aes, clmul, erms, 3dnowpref, lzcnt, ht, tsc, tscinvbit, bmi1, bmi2, adx, fma

Memory: 4k page, system-wide physical 8066M (825M free)
TotalPageFile size 23095M (AvailPageFile size 3M)
current process WorkingSet (physical memory assigned to process): 61M, peak: 61M
current process commit charge ("private bytes"): 218M, peak: 219M

vm_info: Java HotSpot(TM) 64-Bit Server VM (12.0.1+12) for windows-amd64 JRE (12.0.1+12), built on Apr  2 2019 14:02:19 by "mach5one" with MS VC++ 15.5 (VS2017)

END.
