#
# There is insufficient memory for the Java Runtime Environment to continue.
# Native memory allocation (malloc) failed to allocate 32744 bytes for ChunkPool::allocate
# Possible reasons:
#   The system is out of physical RAM or swap space
#   The process is running with CompressedOops enabled, and the Java Heap may be blocking the growth of the native heap
# Possible solutions:
#   Reduce memory load on the system
#   Increase physical memory or swap space
#   Check if swap backing store is full
#   Decrease Java heap size (-Xmx/-Xms)
#   Decrease number of Java threads
#   Decrease Java thread stack sizes (-Xss)
#   Set larger code cache with -XX:ReservedCodeCacheSize=
#   JVM is running with Unscaled Compressed Oops mode in which the Java heap is
#     placed in the first 4GB address space. The Java Heap base address is the
#     maximum limit for the native heap growth. Please use -XX:HeapBaseMinAddress
#     to set the Java Heap base and to place the Java Heap above 4GB virtual address.
# This output file may be truncated or incomplete.
#
#  Out of Memory Error (t:/workspace/open/src/hotspot/share/memory/arena.cpp:81), pid=21912, tid=21512
#
# JRE version: Java(TM) SE Runtime Environment (12.0.1+12) (build 12.0.1+12)
# Java VM: Java HotSpot(TM) 64-Bit Server VM (12.0.1+12, mixed mode, sharing, tiered, compressed oops, g1 gc, windows-amd64)
# No core dump will be written. Minidumps are not enabled by default on client versions of Windows
#

---------------  S U M M A R Y ------------

Command Line: -Dfile.encoding=GBK 网上书城.main

Host: Intel(R) Core(TM) i5-8300H CPU @ 2.30GHz, 8 cores, 7G,  Windows 10 , 64 bit Build 18362 (10.0.18362.900)
Time: Thu Jun 25 15:04:33 2020 ?D1ú±ê×?ê±?? elapsed time: 0 seconds (0d 0h 0m 0s)

---------------  T H R E A D  ---------------

Current thread (0x00000247b34aa000):  JavaThread "main" [_thread_in_vm, id=21512, stack(0x000000e09eb00000,0x000000e09ec00000)]

Stack: [0x000000e09eb00000,0x000000e09ec00000]
Native frames: (J=compiled Java code, j=interpreted, Vv=VM code, C=native code)
V  [jvm.dll+0x63948a]
V  [jvm.dll+0x78b31f]
V  [jvm.dll+0x78c9c1]
V  [jvm.dll+0x78d013]
V  [jvm.dll+0x262138]
V  [jvm.dll+0xc5a56]
V  [jvm.dll+0xc5dac]
V  [jvm.dll+0x76f509]
V  [jvm.dll+0x76e3fe]
C  0x00000247bb8bf0f7

Java frames: (J=compiled Java code, j=interpreted, Vv=VM code)
j  jdk.internal.misc.Unsafe.defineAnonymousClass0(Ljava/lang/Class;[B[Ljava/lang/Object;)Ljava/lang/Class;+0 java.base@12.0.1
j  jdk.internal.misc.Unsafe.defineAnonymousClass(Ljava/lang/Class;[B[Ljava/lang/Object;)Ljava/lang/Class;+42 java.base@12.0.1
j  java.lang.invoke.InvokerBytecodeGenerator.loadAndInitializeInvokerClass([B[Ljava/lang/Object;)Ljava/lang/Class;+8 java.base@12.0.1
j  java.lang.invoke.InvokerBytecodeGenerator.loadMethod([B)Ljava/lang/invoke/MemberName;+6 java.base@12.0.1
j  java.lang.invoke.InvokerBytecodeGenerator.generateCustomizedCode(Ljava/lang/invoke/LambdaForm;Ljava/lang/invoke/MethodType;)Ljava/lang/invoke/MemberName;+29 java.base@12.0.1
j  java.lang.invoke.LambdaForm.compileToBytecode()V+69 java.base@12.0.1
j  java.lang.invoke.LambdaForm.prepare()V+21 java.base@12.0.1
j  java.lang.invoke.MethodHandle.<init>(Ljava/lang/invoke/MethodType;Ljava/lang/invoke/LambdaForm;)V+33 java.base@12.0.1
j  java.lang.invoke.BoundMethodHandle.<init>(Ljava/lang/invoke/MethodType;Ljava/lang/invoke/LambdaForm;)V+3 java.base@12.0.1
j  java.lang.invoke.BoundMethodHandle$Species_LLLLLLL.<init>(Ljava/lang/invoke/MethodType;Ljava/lang/invoke/LambdaForm;Ljava/lang/Object;Ljava/lang/Object;Ljava/lang/Object;Ljava/lang/Object;Ljava/lang/Object;Ljava/lang/Object;Ljava/lang/Object;)V+3 java.base@12.0.1
j  java.lang.invoke.BoundMethodHandle$Species_LLLLLLL.make(Ljava/lang/invoke/MethodType;Ljava/lang/invoke/LambdaForm;Ljava/lang/Object;Ljava/lang/Object;Ljava/lang/Object;Ljava/lang/Object;Ljava/lang/Object;Ljava/lang/Object;Ljava/lang/Object;)Ljava/lang/invoke/BoundMethodHandle;+18 java.base@12.0.1
j  java.lang.invoke.DirectMethodHandle$Holder.invokeStatic(Ljava/lang/Object;Ljava/lang/Object;Ljava/lang/Object;Ljava/lang/Object;Ljava/lang/Object;Ljava/lang/Object;Ljava/lang/Object;Ljava/lang/Object;Ljava/lang/Object;Ljava/lang/Object;)Ljava/lang/Object;+26 java.base@12.0.1
j  java.lang.invoke.BoundMethodHandle$Species_LLLLLL.copyWithExtendL(Ljava/lang/invoke/MethodType;Ljava/lang/invoke/LambdaForm;Ljava/lang/Object;)Ljava/lang/invoke/BoundMethodHandle;+34 java.base@12.0.1
j  java.lang.invoke.MethodHandles.argumentsWithCombiner(ZLjava/lang/invoke/MethodHandle;ILjava/lang/invoke/MethodHandle;[I)Ljava/lang/invoke/MethodHandle;+122 java.base@12.0.1
j  java.lang.invoke.MethodHandles.foldArgumentsWithCombiner(Ljava/lang/invoke/MethodHandle;ILjava/lang/invoke/MethodHandle;[I)Ljava/lang/invoke/MethodHandle;+5 java.base@12.0.1
j  java.lang.invoke.StringConcatFactory$MethodHandleInlineCopyStrategy.generate(Ljava/lang/invoke/MethodType;Ljava/lang/invoke/StringConcatFactory$Recipe;)Ljava/lang/invoke/MethodHandle;+281 java.base@12.0.1
j  java.lang.invoke.StringConcatFactory.generate(Ljava/lang/invoke/MethodHandles$Lookup;Ljava/lang/String;Ljava/lang/invoke/MethodType;Ljava/lang/invoke/StringConcatFactory$Recipe;)Ljava/lang/invoke/MethodHandle;+101 java.base@12.0.1
j  java.lang.invoke.StringConcatFactory.doStringConcat(Ljava/lang/invoke/MethodHandles$Lookup;Ljava/lang/String;Ljava/lang/invoke/MethodType;ZLjava/lang/String;[Ljava/lang/Object;)Ljava/lang/invoke/CallSite;+507 java.base@12.0.1
j  java.lang.invoke.StringConcatFactory.makeConcatWithConstants(Ljava/lang/invoke/MethodHandles$Lookup;Ljava/lang/String;Ljava/lang/invoke/MethodType;Ljava/lang/String;[Ljava/lang/Object;)Ljava/lang/invoke/CallSite;+71 java.base@12.0.1
j  java.lang.invoke.DirectMethodHandle$Holder.invokeStatic(Ljava/lang/Object;Ljava/lang/Object;Ljava/lang/Object;Ljava/lang/Object;Ljava/lang/Object;Ljava/lang/Object;)Ljava/lang/Object;+18 java.base@12.0.1
j  java.lang.invoke.DelegatingMethodHandle$Holder.delegate(Ljava/lang/Object;Ljava/lang/Object;Ljava/lang/Object;Ljava/lang/Object;Ljava/lang/Object;Ljava/lang/Object;)Ljava/lang/Object;+21 java.base@12.0.1
j  java.lang.invoke.Invokers$Holder.invokeExact_MT(Ljava/lang/Object;Ljava/lang/Object;Ljava/lang/Object;Ljava/lang/Object;Ljava/lang/Object;Ljava/lang/Object;Ljava/lang/Object;)Ljava/lang/Object;+26 java.base@12.0.1
j  java.lang.invoke.BootstrapMethodInvoker.invoke(Ljava/lang/Class;Ljava/lang/invoke/MethodHandle;Ljava/lang/String;Ljava/lang/Object;Ljava/lang/Object;Ljava/lang/Class;)Ljava/lang/Object;+134 java.base@12.0.1
j  java.lang.invoke.CallSite.makeSite(Ljava/lang/invoke/MethodHandle;Ljava/lang/String;Ljava/lang/invoke/MethodType;Ljava/lang/Object;Ljava/lang/Class;)Ljava/lang/invoke/CallSite;+8 java.base@12.0.1
j  java.lang.invoke.MethodHandleNatives.linkCallSiteImpl(Ljava/lang/Class;Ljava/lang/invoke/MethodHandle;Ljava/lang/String;Ljava/lang/invoke/MethodType;Ljava/lang/Object;[Ljava/lang/Object;)Ljava/lang/invoke/MemberName;+6 java.base@12.0.1
j  java.lang.invoke.MethodHandleNatives.linkCallSite(Ljava/lang/Object;ILjava/lang/Object;Ljava/lang/Object;Ljava/lang/Object;Ljava/lang/Object;[Ljava/lang/Object;)Ljava/lang/invoke/MemberName;+46 java.base@12.0.1
v  ~StubRoutines::call_stub
j  java.awt.Toolkit$1.run()Ljava/lang/String;+74 java.desktop@12.0.1
j  java.awt.Toolkit$1.run()Ljava/lang/Object;+1 java.desktop@12.0.1
j  java.security.AccessController.executePrivileged(Ljava/security/PrivilegedAction;Ljava/security/AccessControlContext;Ljava/lang/Class;)Ljava/lang/Object;+29 java.base@12.0.1
j  java.security.AccessController.doPrivileged(Ljava/security/PrivilegedAction;)Ljava/lang/Object;+5 java.base@12.0.1
j  java.awt.Toolkit.initAssistiveTechnologies()V+21 java.desktop@12.0.1
j  java.awt.Toolkit.<clinit>()V+44 java.desktop@12.0.1
v  ~StubRoutines::call_stub
j  java.awt.Component.<clinit>()V+93 java.desktop@12.0.1
v  ~StubRoutines::call_stub
j  缃涓涔.Login.<clinit>()V+0
v  ~StubRoutines::call_stub
j  缃涓涔.main.main([Ljava/lang/String;)V+0
v  ~StubRoutines::call_stub

---------------  P R O C E S S  ---------------

Threads class SMR info:
_java_thread_list=0x00000247d2afc4f0, length=10, elements={
0x00000247b34aa000, 0x00000247d2125800, 0x00000247d2127000, 0x00000247d2145000,
0x00000247d2147000, 0x00000247d2154000, 0x00000247d215a800, 0x00000247d215e000,
0x00000247d2aff800, 0x00000247d2b15800
}

Java Threads: ( => current thread )
=>0x00000247b34aa000 JavaThread "main" [_thread_in_vm, id=21512, stack(0x000000e09eb00000,0x000000e09ec00000)]
  0x00000247d2125800 JavaThread "Reference Handler" daemon [_thread_blocked, id=21184, stack(0x000000e09f200000,0x000000e09f300000)]
  0x00000247d2127000 JavaThread "Finalizer" daemon [_thread_blocked, id=4864, stack(0x000000e09f300000,0x000000e09f400000)]
  0x00000247d2145000 JavaThread "Signal Dispatcher" daemon [_thread_blocked, id=19956, stack(0x000000e09f400000,0x000000e09f500000)]
  0x00000247d2147000 JavaThread "Attach Listener" daemon [_thread_blocked, id=4892, stack(0x000000e09f500000,0x000000e09f600000)]
  0x00000247d2154000 JavaThread "C2 CompilerThread0" daemon [_thread_blocked, id=12444, stack(0x000000e09f600000,0x000000e09f700000)]
  0x00000247d215a800 JavaThread "C1 CompilerThread0" daemon [_thread_blocked, id=18448, stack(0x000000e09f700000,0x000000e09f800000)]
  0x00000247d215e000 JavaThread "Sweeper thread" daemon [_thread_blocked, id=20792, stack(0x000000e09f800000,0x000000e09f900000)]
  0x00000247d2aff800 JavaThread "Service Thread" daemon [_thread_blocked, id=7984, stack(0x000000e09f900000,0x000000e09fa00000)]
  0x00000247d2b15800 JavaThread "Common-Cleaner" daemon [_thread_blocked, id=6884, stack(0x000000e09fb00000,0x000000e09fc00000)]

Other Threads:
  0x00000247d2124800 VMThread "VM Thread" [stack: 0x000000e09f100000,0x000000e09f200000] [id=3224]
  0x00000247d2b13000 WatcherThread [stack: 0x000000e09fa00000,0x000000e09fb00000] [id=14088]
  0x00000247b34eb000 GCTaskThread "GC Thread#0" [stack: 0x000000e09ec00000,0x000000e09ed00000] [id=22316]
  0x00000247b34fa000 ConcurrentGCThread "G1 Main Marker" [stack: 0x000000e09ed00000,0x000000e09ee00000] [id=19992]
  0x00000247b34fd800 ConcurrentGCThread "G1 Conc#0" [stack: 0x000000e09ee00000,0x000000e09ef00000] [id=7012]
  0x00000247b357d800 ConcurrentGCThread "G1 Refine#0" [stack: 0x000000e09ef00000,0x000000e09f000000] [id=10196]
  0x00000247d1fa4800 ConcurrentGCThread "G1 Young RemSet Sampling" [stack: 0x000000e09f000000,0x000000e09f100000] [id=20948]

Threads with active compile tasks:

VM state:not at safepoint (normal execution)

VM Mutex/Monitor currently owned by a thread: None

Heap address: 0x0000000081e00000, size: 2018 MB, Compressed Oops mode: 32-bit
Narrow klass base: 0x0000000800000000, Narrow klass shift: 3
Compressed class space size: 1073741824 Address: 0x00000008011a0000

Heap:
 garbage-first heap   total 131072K, used 1024K [0x0000000081e00000, 0x0000000100000000)
  region size 1024K, 2 young (2048K), 0 survivors (0K)
 Metaspace       used 1285K, capacity 4549K, committed 4864K, reserved 1056768K
  class space    used 116K, capacity 408K, committed 512K, reserved 1048576K
Heap Regions: E=young(eden), S=young(survivor), O=old, HS=humongous(starts), HC=humongous(continues), CS=collection set, F=free, A=archive, TAMS=top-at-mark-start (previous, next)
|   0|0x0000000081e00000, 0x0000000081e00000, 0x0000000081f00000|  0%| F|  |TAMS 0x0000000081e00000, 0x0000000081e00000| Untracked 
|   1|0x0000000081f00000, 0x0000000081f00000, 0x0000000082000000|  0%| F|  |TAMS 0x0000000081f00000, 0x0000000081f00000| Untracked 
|   2|0x0000000082000000, 0x0000000082000000, 0x0000000082100000|  0%| F|  |TAMS 0x0000000082000000, 0x0000000082000000| Untracked 
|   3|0x0000000082100000, 0x0000000082100000, 0x0000000082200000|  0%| F|  |TAMS 0x0000000082100000, 0x0000000082100000| Untracked 
|   4|0x0000000082200000, 0x0000000082200000, 0x0000000082300000|  0%| F|  |TAMS 0x0000000082200000, 0x0000000082200000| Untracked 
|   5|0x0000000082300000, 0x0000000082300000, 0x0000000082400000|  0%| F|  |TAMS 0x0000000082300000, 0x0000000082300000| Untracked 
|   6|0x0000000082400000, 0x0000000082400000, 0x0000000082500000|  0%| F|  |TAMS 0x0000000082400000, 0x0000000082400000| Untracked 
|   7|0x0000000082500000, 0x0000000082500000, 0x0000000082600000|  0%| F|  |TAMS 0x0000000082500000, 0x0000000082500000| Untracked 
|   8|0x0000000082600000, 0x0000000082600000, 0x0000000082700000|  0%| F|  |TAMS 0x0000000082600000, 0x0000000082600000| Untracked 
|   9|0x0000000082700000, 0x0000000082700000, 0x0000000082800000|  0%| F|  |TAMS 0x0000000082700000, 0x0000000082700000| Untracked 
|  10|0x0000000082800000, 0x0000000082800000, 0x0000000082900000|  0%| F|  |TAMS 0x0000000082800000, 0x0000000082800000| Untracked 
|  11|0x0000000082900000, 0x0000000082900000, 0x0000000082a00000|  0%| F|  |TAMS 0x0000000082900000, 0x0000000082900000| Untracked 
|  12|0x0000000082a00000, 0x0000000082a00000, 0x0000000082b00000|  0%| F|  |TAMS 0x0000000082a00000, 0x0000000082a00000| Untracked 
|  13|0x0000000082b00000, 0x0000000082b00000, 0x0000000082c00000|  0%| F|  |TAMS 0x0000000082b00000, 0x0000000082b00000| Untracked 
|  14|0x0000000082c00000, 0x0000000082c00000, 0x0000000082d00000|  0%| F|  |TAMS 0x0000000082c00000, 0x0000000082c00000| Untracked 
|  15|0x0000000082d00000, 0x0000000082d00000, 0x0000000082e00000|  0%| F|  |TAMS 0x0000000082d00000, 0x0000000082d00000| Untracked 
|  16|0x0000000082e00000, 0x0000000082e00000, 0x0000000082f00000|  0%| F|  |TAMS 0x0000000082e00000, 0x0000000082e00000| Untracked 
|  17|0x0000000082f00000, 0x0000000082f00000, 0x0000000083000000|  0%| F|  |TAMS 0x0000000082f00000, 0x0000000082f00000| Untracked 
|  18|0x0000000083000000, 0x0000000083000000, 0x0000000083100000|  0%| F|  |TAMS 0x0000000083000000, 0x0000000083000000| Untracked 
|  19|0x0000000083100000, 0x0000000083100000, 0x0000000083200000|  0%| F|  |TAMS 0x0000000083100000, 0x0000000083100000| Untracked 
|  20|0x0000000083200000, 0x0000000083200000, 0x0000000083300000|  0%| F|  |TAMS 0x0000000083200000, 0x0000000083200000| Untracked 
|  21|0x0000000083300000, 0x0000000083300000, 0x0000000083400000|  0%| F|  |TAMS 0x0000000083300000, 0x0000000083300000| Untracked 
|  22|0x0000000083400000, 0x0000000083400000, 0x0000000083500000|  0%| F|  |TAMS 0x0000000083400000, 0x0000000083400000| Untracked 
|  23|0x0000000083500000, 0x0000000083500000, 0x0000000083600000|  0%| F|  |TAMS 0x0000000083500000, 0x0000000083500000| Untracked 
|  24|0x0000000083600000, 0x0000000083600000, 0x0000000083700000|  0%| F|  |TAMS 0x0000000083600000, 0x0000000083600000| Untracked 
|  25|0x0000000083700000, 0x0000000083700000, 0x0000000083800000|  0%| F|  |TAMS 0x0000000083700000, 0x0000000083700000| Untracked 
|  26|0x0000000083800000, 0x0000000083800000, 0x0000000083900000|  0%| F|  |TAMS 0x0000000083800000, 0x0000000083800000| Untracked 
|  27|0x0000000083900000, 0x0000000083900000, 0x0000000083a00000|  0%| F|  |TAMS 0x0000000083900000, 0x0000000083900000| Untracked 
|  28|0x0000000083a00000, 0x0000000083a00000, 0x0000000083b00000|  0%| F|  |TAMS 0x0000000083a00000, 0x0000000083a00000| Untracked 
|  29|0x0000000083b00000, 0x0000000083b00000, 0x0000000083c00000|  0%| F|  |TAMS 0x0000000083b00000, 0x0000000083b00000| Untracked 
|  30|0x0000000083c00000, 0x0000000083c00000, 0x0000000083d00000|  0%| F|  |TAMS 0x0000000083c00000, 0x0000000083c00000| Untracked 
|  31|0x0000000083d00000, 0x0000000083d00000, 0x0000000083e00000|  0%| F|  |TAMS 0x0000000083d00000, 0x0000000083d00000| Untracked 
|  32|0x0000000083e00000, 0x0000000083e00000, 0x0000000083f00000|  0%| F|  |TAMS 0x0000000083e00000, 0x0000000083e00000| Untracked 
|  33|0x0000000083f00000, 0x0000000083f00000, 0x0000000084000000|  0%| F|  |TAMS 0x0000000083f00000, 0x0000000083f00000| Untracked 
|  34|0x0000000084000000, 0x0000000084000000, 0x0000000084100000|  0%| F|  |TAMS 0x0000000084000000, 0x0000000084000000| Untracked 
|  35|0x0000000084100000, 0x0000000084100000, 0x0000000084200000|  0%| F|  |TAMS 0x0000000084100000, 0x0000000084100000| Untracked 
|  36|0x0000000084200000, 0x0000000084200000, 0x0000000084300000|  0%| F|  |TAMS 0x0000000084200000, 0x0000000084200000| Untracked 
|  37|0x0000000084300000, 0x0000000084300000, 0x0000000084400000|  0%| F|  |TAMS 0x0000000084300000, 0x0000000084300000| Untracked 
|  38|0x0000000084400000, 0x0000000084400000, 0x0000000084500000|  0%| F|  |TAMS 0x0000000084400000, 0x0000000084400000| Untracked 
|  39|0x0000000084500000, 0x0000000084500000, 0x0000000084600000|  0%| F|  |TAMS 0x0000000084500000, 0x0000000084500000| Untracked 
|  40|0x0000000084600000, 0x0000000084600000, 0x0000000084700000|  0%| F|  |TAMS 0x0000000084600000, 0x0000000084600000| Untracked 
|  41|0x0000000084700000, 0x0000000084700000, 0x0000000084800000|  0%| F|  |TAMS 0x0000000084700000, 0x0000000084700000| Untracked 
|  42|0x0000000084800000, 0x0000000084800000, 0x0000000084900000|  0%| F|  |TAMS 0x0000000084800000, 0x0000000084800000| Untracked 
|  43|0x0000000084900000, 0x0000000084900000, 0x0000000084a00000|  0%| F|  |TAMS 0x0000000084900000, 0x0000000084900000| Untracked 
|  44|0x0000000084a00000, 0x0000000084a00000, 0x0000000084b00000|  0%| F|  |TAMS 0x0000000084a00000, 0x0000000084a00000| Untracked 
|  45|0x0000000084b00000, 0x0000000084b00000, 0x0000000084c00000|  0%| F|  |TAMS 0x0000000084b00000, 0x0000000084b00000| Untracked 
|  46|0x0000000084c00000, 0x0000000084c00000, 0x0000000084d00000|  0%| F|  |TAMS 0x0000000084c00000, 0x0000000084c00000| Untracked 
|  47|0x0000000084d00000, 0x0000000084d00000, 0x0000000084e00000|  0%| F|  |TAMS 0x0000000084d00000, 0x0000000084d00000| Untracked 
|  48|0x0000000084e00000, 0x0000000084e00000, 0x0000000084f00000|  0%| F|  |TAMS 0x0000000084e00000, 0x0000000084e00000| Untracked 
|  49|0x0000000084f00000, 0x0000000084f00000, 0x0000000085000000|  0%| F|  |TAMS 0x0000000084f00000, 0x0000000084f00000| Untracked 
|  50|0x0000000085000000, 0x0000000085000000, 0x0000000085100000|  0%| F|  |TAMS 0x0000000085000000, 0x0000000085000000| Untracked 
|  51|0x0000000085100000, 0x0000000085100000, 0x0000000085200000|  0%| F|  |TAMS 0x0000000085100000, 0x0000000085100000| Untracked 
|  52|0x0000000085200000, 0x0000000085200000, 0x0000000085300000|  0%| F|  |TAMS 0x0000000085200000, 0x0000000085200000| Untracked 
|  53|0x0000000085300000, 0x0000000085300000, 0x0000000085400000|  0%| F|  |TAMS 0x0000000085300000, 0x0000000085300000| Untracked 
|  54|0x0000000085400000, 0x0000000085400000, 0x0000000085500000|  0%| F|  |TAMS 0x0000000085400000, 0x0000000085400000| Untracked 
|  55|0x0000000085500000, 0x0000000085500000, 0x0000000085600000|  0%| F|  |TAMS 0x0000000085500000, 0x0000000085500000| Untracked 
|  56|0x0000000085600000, 0x0000000085600000, 0x0000000085700000|  0%| F|  |TAMS 0x0000000085600000, 0x0000000085600000| Untracked 
|  57|0x0000000085700000, 0x0000000085700000, 0x0000000085800000|  0%| F|  |TAMS 0x0000000085700000, 0x0000000085700000| Untracked 
|  58|0x0000000085800000, 0x0000000085800000, 0x0000000085900000|  0%| F|  |TAMS 0x0000000085800000, 0x0000000085800000| Untracked 
|  59|0x0000000085900000, 0x0000000085900000, 0x0000000085a00000|  0%| F|  |TAMS 0x0000000085900000, 0x0000000085900000| Untracked 
|  60|0x0000000085a00000, 0x0000000085a00000, 0x0000000085b00000|  0%| F|  |TAMS 0x0000000085a00000, 0x0000000085a00000| Untracked 
|  61|0x0000000085b00000, 0x0000000085b00000, 0x0000000085c00000|  0%| F|  |TAMS 0x0000000085b00000, 0x0000000085b00000| Untracked 
|  62|0x0000000085c00000, 0x0000000085c00000, 0x0000000085d00000|  0%| F|  |TAMS 0x0000000085c00000, 0x0000000085c00000| Untracked 
|  63|0x0000000085d00000, 0x0000000085d00000, 0x0000000085e00000|  0%| F|  |TAMS 0x0000000085d00000, 0x0000000085d00000| Untracked 
|  64|0x0000000085e00000, 0x0000000085e00000, 0x0000000085f00000|  0%| F|  |TAMS 0x0000000085e00000, 0x0000000085e00000| Untracked 
|  65|0x0000000085f00000, 0x0000000085f00000, 0x0000000086000000|  0%| F|  |TAMS 0x0000000085f00000, 0x0000000085f00000| Untracked 
|  66|0x0000000086000000, 0x0000000086000000, 0x0000000086100000|  0%| F|  |TAMS 0x0000000086000000, 0x0000000086000000| Untracked 
|  67|0x0000000086100000, 0x0000000086100000, 0x0000000086200000|  0%| F|  |TAMS 0x0000000086100000, 0x0000000086100000| Untracked 
|  68|0x0000000086200000, 0x0000000086200000, 0x0000000086300000|  0%| F|  |TAMS 0x0000000086200000, 0x0000000086200000| Untracked 
|  69|0x0000000086300000, 0x0000000086300000, 0x0000000086400000|  0%| F|  |TAMS 0x0000000086300000, 0x0000000086300000| Untracked 
|  70|0x0000000086400000, 0x0000000086400000, 0x0000000086500000|  0%| F|  |TAMS 0x0000000086400000, 0x0000000086400000| Untracked 
|  71|0x0000000086500000, 0x0000000086500000, 0x0000000086600000|  0%| F|  |TAMS 0x0000000086500000, 0x0000000086500000| Untracked 
|  72|0x0000000086600000, 0x0000000086600000, 0x0000000086700000|  0%| F|  |TAMS 0x0000000086600000, 0x0000000086600000| Untracked 
|  73|0x0000000086700000, 0x0000000086700000, 0x0000000086800000|  0%| F|  |TAMS 0x0000000086700000, 0x0000000086700000| Untracked 
|  74|0x0000000086800000, 0x0000000086800000, 0x0000000086900000|  0%| F|  |TAMS 0x0000000086800000, 0x0000000086800000| Untracked 
|  75|0x0000000086900000, 0x0000000086900000, 0x0000000086a00000|  0%| F|  |TAMS 0x0000000086900000, 0x0000000086900000| Untracked 
|  76|0x0000000086a00000, 0x0000000086a00000, 0x0000000086b00000|  0%| F|  |TAMS 0x0000000086a00000, 0x0000000086a00000| Untracked 
|  77|0x0000000086b00000, 0x0000000086b00000, 0x0000000086c00000|  0%| F|  |TAMS 0x0000000086b00000, 0x0000000086b00000| Untracked 
|  78|0x0000000086c00000, 0x0000000086c00000, 0x0000000086d00000|  0%| F|  |TAMS 0x0000000086c00000, 0x0000000086c00000| Untracked 
|  79|0x0000000086d00000, 0x0000000086d00000, 0x0000000086e00000|  0%| F|  |TAMS 0x0000000086d00000, 0x0000000086d00000| Untracked 
|  80|0x0000000086e00000, 0x0000000086e00000, 0x0000000086f00000|  0%| F|  |TAMS 0x0000000086e00000, 0x0000000086e00000| Untracked 
|  81|0x0000000086f00000, 0x0000000086f00000, 0x0000000087000000|  0%| F|  |TAMS 0x0000000086f00000, 0x0000000086f00000| Untracked 
|  82|0x0000000087000000, 0x0000000087000000, 0x0000000087100000|  0%| F|  |TAMS 0x0000000087000000, 0x0000000087000000| Untracked 
|  83|0x0000000087100000, 0x0000000087100000, 0x0000000087200000|  0%| F|  |TAMS 0x0000000087100000, 0x0000000087100000| Untracked 
|  84|0x0000000087200000, 0x0000000087200000, 0x0000000087300000|  0%| F|  |TAMS 0x0000000087200000, 0x0000000087200000| Untracked 
|  85|0x0000000087300000, 0x0000000087300000, 0x0000000087400000|  0%| F|  |TAMS 0x0000000087300000, 0x0000000087300000| Untracked 
|  86|0x0000000087400000, 0x0000000087400000, 0x0000000087500000|  0%| F|  |TAMS 0x0000000087400000, 0x0000000087400000| Untracked 
|  87|0x0000000087500000, 0x0000000087500000, 0x0000000087600000|  0%| F|  |TAMS 0x0000000087500000, 0x0000000087500000| Untracked 
|  88|0x0000000087600000, 0x0000000087600000, 0x0000000087700000|  0%| F|  |TAMS 0x0000000087600000, 0x0000000087600000| Untracked 
|  89|0x0000000087700000, 0x0000000087700000, 0x0000000087800000|  0%| F|  |TAMS 0x0000000087700000, 0x0000000087700000| Untracked 
|  90|0x0000000087800000, 0x0000000087800000, 0x0000000087900000|  0%| F|  |TAMS 0x0000000087800000, 0x0000000087800000| Untracked 
|  91|0x0000000087900000, 0x0000000087900000, 0x0000000087a00000|  0%| F|  |TAMS 0x0000000087900000, 0x0000000087900000| Untracked 
|  92|0x0000000087a00000, 0x0000000087a00000, 0x0000000087b00000|  0%| F|  |TAMS 0x0000000087a00000, 0x0000000087a00000| Untracked 
|  93|0x0000000087b00000, 0x0000000087b00000, 0x0000000087c00000|  0%| F|  |TAMS 0x0000000087b00000, 0x0000000087b00000| Untracked 
|  94|0x0000000087c00000, 0x0000000087c00000, 0x0000000087d00000|  0%| F|  |TAMS 0x0000000087c00000, 0x0000000087c00000| Untracked 
|  95|0x0000000087d00000, 0x0000000087d00000, 0x0000000087e00000|  0%| F|  |TAMS 0x0000000087d00000, 0x0000000087d00000| Untracked 
|  96|0x0000000087e00000, 0x0000000087e00000, 0x0000000087f00000|  0%| F|  |TAMS 0x0000000087e00000, 0x0000000087e00000| Untracked 
|  97|0x0000000087f00000, 0x0000000087f00000, 0x0000000088000000|  0%| F|  |TAMS 0x0000000087f00000, 0x0000000087f00000| Untracked 
|  98|0x0000000088000000, 0x0000000088000000, 0x0000000088100000|  0%| F|  |TAMS 0x0000000088000000, 0x0000000088000000| Untracked 
|  99|0x0000000088100000, 0x0000000088100000, 0x0000000088200000|  0%| F|  |TAMS 0x0000000088100000, 0x0000000088100000| Untracked 
| 100|0x0000000088200000, 0x0000000088200000, 0x0000000088300000|  0%| F|  |TAMS 0x0000000088200000, 0x0000000088200000| Untracked 
| 101|0x0000000088300000, 0x0000000088300000, 0x0000000088400000|  0%| F|  |TAMS 0x0000000088300000, 0x0000000088300000| Untracked 
| 102|0x0000000088400000, 0x0000000088400000, 0x0000000088500000|  0%| F|  |TAMS 0x0000000088400000, 0x0000000088400000| Untracked 
| 103|0x0000000088500000, 0x0000000088500000, 0x0000000088600000|  0%| F|  |TAMS 0x0000000088500000, 0x0000000088500000| Untracked 
| 104|0x0000000088600000, 0x0000000088600000, 0x0000000088700000|  0%| F|  |TAMS 0x0000000088600000, 0x0000000088600000| Untracked 
| 105|0x0000000088700000, 0x0000000088700000, 0x0000000088800000|  0%| F|  |TAMS 0x0000000088700000, 0x0000000088700000| Untracked 
| 106|0x0000000088800000, 0x0000000088800000, 0x0000000088900000|  0%| F|  |TAMS 0x0000000088800000, 0x0000000088800000| Untracked 
| 107|0x0000000088900000, 0x0000000088900000, 0x0000000088a00000|  0%| F|  |TAMS 0x0000000088900000, 0x0000000088900000| Untracked 
| 108|0x0000000088a00000, 0x0000000088a00000, 0x0000000088b00000|  0%| F|  |TAMS 0x0000000088a00000, 0x0000000088a00000| Untracked 
| 109|0x0000000088b00000, 0x0000000088b00000, 0x0000000088c00000|  0%| F|  |TAMS 0x0000000088b00000, 0x0000000088b00000| Untracked 
| 110|0x0000000088c00000, 0x0000000088c00000, 0x0000000088d00000|  0%| F|  |TAMS 0x0000000088c00000, 0x0000000088c00000| Untracked 
| 111|0x0000000088d00000, 0x0000000088d00000, 0x0000000088e00000|  0%| F|  |TAMS 0x0000000088d00000, 0x0000000088d00000| Untracked 
| 112|0x0000000088e00000, 0x0000000088e00000, 0x0000000088f00000|  0%| F|  |TAMS 0x0000000088e00000, 0x0000000088e00000| Untracked 
| 113|0x0000000088f00000, 0x0000000088f00000, 0x0000000089000000|  0%| F|  |TAMS 0x0000000088f00000, 0x0000000088f00000| Untracked 
| 114|0x0000000089000000, 0x0000000089000000, 0x0000000089100000|  0%| F|  |TAMS 0x0000000089000000, 0x0000000089000000| Untracked 
| 115|0x0000000089100000, 0x0000000089100000, 0x0000000089200000|  0%| F|  |TAMS 0x0000000089100000, 0x0000000089100000| Untracked 
| 116|0x0000000089200000, 0x0000000089200000, 0x0000000089300000|  0%| F|  |TAMS 0x0000000089200000, 0x0000000089200000| Untracked 
| 117|0x0000000089300000, 0x0000000089300000, 0x0000000089400000|  0%| F|  |TAMS 0x0000000089300000, 0x0000000089300000| Untracked 
| 118|0x0000000089400000, 0x0000000089400000, 0x0000000089500000|  0%| F|  |TAMS 0x0000000089400000, 0x0000000089400000| Untracked 
| 119|0x0000000089500000, 0x0000000089500000, 0x0000000089600000|  0%| F|  |TAMS 0x0000000089500000, 0x0000000089500000| Untracked 
| 120|0x0000000089600000, 0x0000000089600000, 0x0000000089700000|  0%| F|  |TAMS 0x0000000089600000, 0x0000000089600000| Untracked 
| 121|0x0000000089700000, 0x0000000089700000, 0x0000000089800000|  0%| F|  |TAMS 0x0000000089700000, 0x0000000089700000| Untracked 
| 122|0x0000000089800000, 0x0000000089800000, 0x0000000089900000|  0%| F|  |TAMS 0x0000000089800000, 0x0000000089800000| Untracked 
| 123|0x0000000089900000, 0x0000000089900000, 0x0000000089a00000|  0%| F|  |TAMS 0x0000000089900000, 0x0000000089900000| Untracked 
| 124|0x0000000089a00000, 0x0000000089a00000, 0x0000000089b00000|  0%| F|  |TAMS 0x0000000089a00000, 0x0000000089a00000| Untracked 
| 125|0x0000000089b00000, 0x0000000089b00000, 0x0000000089c00000|  0%| F|  |TAMS 0x0000000089b00000, 0x0000000089b00000| Untracked 
| 126|0x0000000089c00000, 0x0000000089cf6850, 0x0000000089d00000| 96%| E|  |TAMS 0x0000000089c00000, 0x0000000089c00000| Complete 
| 127|0x0000000089d00000, 0x0000000089e00000, 0x0000000089e00000|100%| E|CS|TAMS 0x0000000089d00000, 0x0000000089d00000| Complete 

Card table byte_map: [0x00000247cafe0000,0x00000247cb3e0000] _byte_map_base: 0x00000247cabd1000

Marking Bits (Prev, Next): (CMBitMap*) 0x00000247b34ed158, (CMBitMap*) 0x00000247b34ed198
 Prev Bits: [0x00000247cb7e0000, 0x00000247cd768000)
 Next Bits: [0x00000247cd770000, 0x00000247cf6f8000)

Polling page: 0x00000247b14b0000

Metaspace:

Usage:
  Non-class:      4.04 MB capacity,     1.14 MB ( 28%) used,     2.90 MB ( 72%) free+waste,     2.50 KB ( <1%) overhead. 
      Class:    408.00 KB capacity,   116.01 KB ( 28%) used,   290.49 KB ( 71%) free+waste,     1.50 KB ( <1%) overhead. 
       Both:      4.44 MB capacity,     1.26 MB ( 28%) used,     3.18 MB ( 72%) free+waste,     4.00 KB ( <1%) overhead. 

Virtual space:
  Non-class space:        8.00 MB reserved,       4.25 MB ( 53%) committed 
      Class space:        1.00 GB reserved,     512.00 KB ( <1%) committed 
             Both:        1.01 GB reserved,       4.75 MB ( <1%) committed 

Chunk freelists:
   Non-Class:  0 bytes
       Class:  0 bytes
        Both:  0 bytes

CodeHeap 'non-profiled nmethods': size=120000Kb used=72Kb max_used=72Kb free=119928Kb
 bounds [0x00000247c3380000, 0x00000247c35f0000, 0x00000247ca8b0000]
CodeHeap 'profiled nmethods': size=120000Kb used=364Kb max_used=364Kb free=119635Kb
 bounds [0x00000247bbe50000, 0x00000247bc0c0000, 0x00000247c3380000]
CodeHeap 'non-nmethods': size=5760Kb used=1072Kb max_used=1072Kb free=4687Kb
 bounds [0x00000247bb8b0000, 0x00000247bbb20000, 0x00000247bbe50000]
 total_blobs=677 nmethods=265 adapters=265
 compilation: enabled
              stopped_count=0, restarted_count=0
 full_count=0

Compilation events (10 events):
Event: 0.105 Thread 0x00000247d215a800 nmethod 253 0x00000247bbe9ea90 code [0x00000247bbe9ec40, 0x00000247bbe9ee18]
Event: 0.105 Thread 0x00000247d215a800  254       3       java.lang.invoke.LambdaForm$Name::isParam (13 bytes)
Event: 0.105 Thread 0x00000247d215a800 nmethod 254 0x00000247bbe9ef10 code [0x00000247bbe9f0c0, 0x00000247bbe9f298]
Event: 0.105 Thread 0x00000247d215a800  255       3       java.lang.reflect.Modifier::isStatic (13 bytes)
Event: 0.105 Thread 0x00000247d215a800 nmethod 255 0x00000247bbe9f310 code [0x00000247bbe9f4c0, 0x00000247bbe9f658]
Event: 0.105 Thread 0x00000247d215a800  256       3       java.lang.invoke.MemberName::isStatic (8 bytes)
Event: 0.105 Thread 0x00000247d215a800 nmethod 256 0x00000247bbe9f710 code [0x00000247bbe9f8e0, 0x00000247bbe9fb18]
Event: 0.105 Thread 0x00000247d215a800  257       3       java.lang.invoke.MethodType::parameterSlotCount (8 bytes)
Event: 0.105 Thread 0x00000247d215a800 nmethod 257 0x00000247bbe9fc10 code [0x00000247bbe9fde0, 0x00000247bbea0058]
Event: 0.105 Thread 0x00000247d215a800  259       3       jdk.internal.org.objectweb.asm.Frame::execute (2305 bytes)

GC Heap History (0 events):
No events

Deoptimization events (1 events):
Event: 0.049 Thread 0x00000247b34aa000 Uncommon trap: reason=unstable_if action=reinterpret pc=0x00000247c3384ac4 method=java.lang.String.hashCode()I @ 22 c2

Classes redefined (0 events):
No events

Internal exceptions (2 events):
Event: 0.080 Thread 0x00000247b34aa000 Exception <a 'java/lang/ClassNotFoundException'{0x0000000089c4d120}: sun/awt/resources/spi/awtProvider> (0x0000000089c4d120) thrown at [t:/workspace/open/src/hotspot/share/classfile/systemDictionary.cpp, line 235]
Event: 0.104 Thread 0x00000247b34aa000 Exception <a 'java/io/FileNotFoundException'{0x0000000089ca1348}> (0x0000000089ca1348) thrown at [t:/workspace/open/src/hotspot/share/prims/jni.cpp, line 615]

Events (10 events):
Event: 0.097 loading class java/lang/invoke/BoundMethodHandle$Species_LLLLLL
Event: 0.097 loading class java/lang/invoke/BoundMethodHandle$Species_LLLLLL done
Event: 0.098 loading class java/lang/invoke/BoundMethodHandle$Species_LLLLLLL
Event: 0.098 loading class java/lang/invoke/BoundMethodHandle$Species_LLLLLLL done
Event: 0.100 loading class java/lang/invoke/BoundMethodHandle$Species_LLLLLLLJ
Event: 0.100 loading class java/lang/invoke/BoundMethodHandle$Species_LLLLLLLJ done
Event: 0.101 loading class java/lang/invoke/BoundMethodHandle$Species_LLLLLLLJL
Event: 0.101 loading class java/lang/invoke/BoundMethodHandle$Species_LLLLLLLJL done
Event: 0.104 loading class java/io/FileNotFoundException
Event: 0.104 loading class java/io/FileNotFoundException done


Dynamic libraries:
0x00007ff6b9520000 - 0x00007ff6b952f000 	F:\JAVA\jdk\bin\javaw.exe
0x00007ffabcf80000 - 0x00007ffabd170000 	C:\WINDOWS\SYSTEM32\ntdll.dll
0x00007ffabbe50000 - 0x00007ffabbf02000 	C:\WINDOWS\System32\KERNEL32.DLL
0x00007ffab9f90000 - 0x00007ffaba234000 	C:\WINDOWS\System32\KERNELBASE.dll
0x00007ffabae50000 - 0x00007ffabaf4a000 	C:\WINDOWS\System32\ucrtbase.dll
0x00007ffa96060000 - 0x00007ffa96076000 	F:\JAVA\jdk\bin\VCRUNTIME140.dll
0x00007ffa9aa10000 - 0x00007ffa9aa28000 	F:\JAVA\jdk\bin\jli.dll
0x00007ffabbac0000 - 0x00007ffabbb63000 	C:\WINDOWS\System32\ADVAPI32.dll
0x00007ffabbf10000 - 0x00007ffabbfae000 	C:\WINDOWS\System32\msvcrt.dll
0x00007ffabbfb0000 - 0x00007ffabc047000 	C:\WINDOWS\System32\sechost.dll
0x00007ffabb990000 - 0x00007ffabbab0000 	C:\WINDOWS\System32\RPCRT4.dll
0x00007ffabbc30000 - 0x00007ffabbdc4000 	C:\WINDOWS\System32\USER32.dll
0x00007ffab9f60000 - 0x00007ffab9f81000 	C:\WINDOWS\System32\win32u.dll
0x00007ffa99c20000 - 0x00007ffa99ea4000 	C:\WINDOWS\WinSxS\amd64_microsoft.windows.common-controls_6595b64144ccf1df_6.0.18362.900_none_e6beb9d913147d17\COMCTL32.dll
0x00007ffabb320000 - 0x00007ffabb346000 	C:\WINDOWS\System32\GDI32.dll
0x00007ffabb4d0000 - 0x00007ffabb805000 	C:\WINDOWS\System32\combase.dll
0x00007ffabacb0000 - 0x00007ffabae45000 	C:\WINDOWS\System32\gdi32full.dll
0x00007ffaba450000 - 0x00007ffaba4d0000 	C:\WINDOWS\System32\bcryptPrimitives.dll
0x00007ffaba260000 - 0x00007ffaba2fe000 	C:\WINDOWS\System32\msvcp_win.dll
0x00007ffab3c20000 - 0x00007ffab3c2a000 	C:\WINDOWS\SYSTEM32\VERSION.dll
0x00007ffabbb90000 - 0x00007ffabbbbe000 	C:\WINDOWS\System32\IMM32.DLL
0x00007ffa6de00000 - 0x00007ffa6deaa000 	F:\JAVA\jdk\bin\msvcp140.dll
0x00007ffa6d260000 - 0x00007ffa6ddd4000 	F:\JAVA\jdk\bin\server\jvm.dll
0x00007ffabb350000 - 0x00007ffabb358000 	C:\WINDOWS\System32\PSAPI.DLL
0x00007ffab7ba0000 - 0x00007ffab7bc4000 	C:\WINDOWS\SYSTEM32\WINMM.dll
0x00007ffab1760000 - 0x00007ffab1769000 	C:\WINDOWS\SYSTEM32\WSOCK32.dll
0x00007ffabbbc0000 - 0x00007ffabbc2f000 	C:\WINDOWS\System32\WS2_32.dll
0x00007ffab7630000 - 0x00007ffab765d000 	C:\WINDOWS\SYSTEM32\WINMMBASE.dll
0x00007ffab9f10000 - 0x00007ffab9f5a000 	C:\WINDOWS\System32\cfgmgr32.dll
0x00007ffab9e70000 - 0x00007ffab9e81000 	C:\WINDOWS\System32\kernel.appcore.dll
0x00007ffa95a30000 - 0x00007ffa95a41000 	F:\JAVA\jdk\bin\verify.dll
0x00007ffab7df0000 - 0x00007ffab7fe4000 	C:\WINDOWS\SYSTEM32\DBGHELP.DLL
0x00007ffaa6060000 - 0x00007ffaa608a000 	C:\WINDOWS\SYSTEM32\dbgcore.DLL
0x00007ffa92cc0000 - 0x00007ffa92ce6000 	F:\JAVA\jdk\bin\java.dll
0x00007ffa92ca0000 - 0x00007ffa92cb7000 	F:\JAVA\jdk\bin\zip.dll
0x00007ffab7dd0000 - 0x00007ffab7dda000 	F:\JAVA\jdk\bin\jimage.dll
0x00007ffabc610000 - 0x00007ffabccf6000 	C:\WINDOWS\System32\SHELL32.dll
0x00007ffabb8e0000 - 0x00007ffabb989000 	C:\WINDOWS\System32\shcore.dll
0x00007ffaba4d0000 - 0x00007ffabac50000 	C:\WINDOWS\System32\windows.storage.dll
0x00007ffab9ee0000 - 0x00007ffab9f03000 	C:\WINDOWS\System32\profapi.dll
0x00007ffab9e90000 - 0x00007ffab9eda000 	C:\WINDOWS\System32\powrprof.dll
0x00007ffab9e40000 - 0x00007ffab9e50000 	C:\WINDOWS\System32\UMPDC.dll
0x00007ffabb470000 - 0x00007ffabb4c2000 	C:\WINDOWS\System32\shlwapi.dll
0x00007ffaba240000 - 0x00007ffaba257000 	C:\WINDOWS\System32\cryptsp.dll
0x00007ffa92c80000 - 0x00007ffa92c99000 	F:\JAVA\jdk\bin\net.dll
0x00007ffaabf30000 - 0x00007ffaac020000 	C:\WINDOWS\SYSTEM32\WINHTTP.dll
0x00007ffaa8480000 - 0x00007ffaa8656000 	C:\WINDOWS\SYSTEM32\urlmon.dll
0x00007ffaa81b0000 - 0x00007ffaa8456000 	C:\WINDOWS\SYSTEM32\iertutil.dll
0x00007ffab9880000 - 0x00007ffab988c000 	C:\WINDOWS\SYSTEM32\CRYPTBASE.DLL
0x00007ffab96b0000 - 0x00007ffab9717000 	C:\WINDOWS\system32\mswsock.dll
0x00007ffa92c60000 - 0x00007ffa92c73000 	F:\JAVA\jdk\bin\nio.dll
0x00007ffa66490000 - 0x00007ffa6662f000 	F:\JAVA\jdk\bin\awt.dll
0x00007ffabb810000 - 0x00007ffabb8d5000 	C:\WINDOWS\System32\OLEAUT32.dll
0x00007ffab67d0000 - 0x00007ffab6d90000 	C:\WINDOWS\SYSTEM32\d2d1.dll
0x00007ffab7ff0000 - 0x00007ffab807f000 	C:\WINDOWS\SYSTEM32\apphelp.dll

dbghelp: loaded successfully - version: 4.0.5 - missing functions: none
symbol engine: initialized successfully - sym options: 0x614 - pdb path: .;F:\JAVA\jdk\bin;C:\WINDOWS\SYSTEM32;C:\WINDOWS\WinSxS\amd64_microsoft.windows.common-controls_6595b64144ccf1df_6.0.18362.900_none_e6beb9d913147d17;F:\JAVA\jdk\bin\server

VM Arguments:
jvm_args: -Dfile.encoding=GBK 
java_command: 网上书城.main
java_class_path (initial): F:\javacode\wycNo.1\WYCno.1\wyc1\wyc01\网上书城\bin;F:\javacode\wycNo.1\WYCno.1\wyc1\wyc01\网上书城\libs\mysql-connector-java-5.1.41-bin.jar;F:\javacode\wycNo.1\WYCno.1\wyc1\wyc01\网上书城\libs\log4j-1.2.17.jar
Launcher Type: SUN_STANDARD

[Global flags]
     intx CICompilerCount                          = 4                                         {product} {ergonomic}
     uint ConcGCThreads                            = 2                                         {product} {ergonomic}
     uint G1ConcRefinementThreads                  = 8                                         {product} {ergonomic}
   size_t G1HeapRegionSize                         = 1048576                                   {product} {ergonomic}
    uintx GCDrainStackTargetSize                   = 64                                        {product} {ergonomic}
   size_t InitialHeapSize                          = 134217728                                 {product} {ergonomic}
   size_t MarkStackSize                            = 4194304                                   {product} {ergonomic}
   size_t MaxHeapSize                              = 2116026368                                {product} {ergonomic}
   size_t MaxNewSize                               = 1268776960                                {product} {ergonomic}
   size_t MinHeapDeltaBytes                        = 1048576                                   {product} {ergonomic}
    uintx NonNMethodCodeHeapSize                   = 5836300                                {pd product} {ergonomic}
    uintx NonProfiledCodeHeapSize                  = 122910970                              {pd product} {ergonomic}
    uintx ProfiledCodeHeapSize                     = 122910970                              {pd product} {ergonomic}
    uintx ReservedCodeCacheSize                    = 251658240                              {pd product} {ergonomic}
     bool SegmentedCodeCache                       = true                                      {product} {ergonomic}
     bool UseCompressedClassPointers               = true                                 {lp64_product} {ergonomic}
     bool UseCompressedOops                        = true                                 {lp64_product} {ergonomic}
     bool UseG1GC                                  = true                                      {product} {ergonomic}
     bool UseLargePagesIndividualAllocation        = false                                  {pd product} {ergonomic}

Logging:
Log output configuration:
 #0: stdout all=warning uptime,level,tags
 #1: stderr all=off uptime,level,tags

Environment Variables:
JAVA_HOME=F:\JAVA\jdk
CLASSPATH=.;F:\JAVA\jdk\lib;F:\JAVA\jdk\lib\tools.jar
PATH=F:/JAVA/jdk/bin/server;F:/JAVA/jdk/bin;C:\WINDOWS\system32;C:\WINDOWS;C:\WINDOWS\System32\Wbem;C:\WINDOWS\System32\WindowsPowerShell\v1.0\;C:\WINDOWS\System32\OpenSSH\;F:\JAVA\jdk\bin;F:\JAVA\jdk\jre\bin;C:\Program Files (x86)\Microsoft SQL Server\100\Tools\Binn\;C:\Program Files\Microsoft SQL Server\100\Tools\Binn\;C:\Program Files\Microsoft SQL Server\100\DTS\Binn\;C:\Program Files (x86)\Microsoft SQL Server\100\Tools\Binn\VSShell\Common7\IDE\;C:\Program Files (x86)\Microsoft Visual Studio 9.0\Common7\IDE\PrivateAssemblies\;C:\Program Files (x86)\Microsoft SQL Server\100\DTS\Binn\;C:\Program Files\MySQL\MySQL Utilities 1.6\;C:\Users\123\Anaconda2;C:\Users\123\Anaconda2\Library\mingw-w64\bin;C:\Users\123\Anaconda2\Library\usr\bin;C:\Users\123\Anaconda2\Library\bin;C:\Users\123\Anaconda2\Scripts;C:\Users\123\AppData\Local\Programs\Python\Python38\Scripts\;C:\Users\123\AppData\Local\Programs\Python\Python38\;C:\Users\123\AppData\Local\Microsoft\WindowsApps;;F:\JAVA\eclipse\eclipse;
USERNAME=123
OS=Windows_NT
PROCESSOR_IDENTIFIER=Intel64 Family 6 Model 158 Stepping 10, GenuineIntel



---------------  S Y S T E M  ---------------

OS: Windows 10 , 64 bit Build 18362 (10.0.18362.900)

CPU:total 8 (initial active 8) (4 cores per cpu, 2 threads per core) family 6 model 158 stepping 10, cmov, cx8, fxsr, mmx, sse, sse2, sse3, ssse3, sse4.1, sse4.2, popcnt, avx, avx2, aes, clmul, erms, 3dnowpref, lzcnt, ht, tsc, tscinvbit, bmi1, bmi2, adx, fma

Memory: 4k page, system-wide physical 8066M (991M free)
TotalPageFile size 23095M (AvailPageFile size 2M)
current process WorkingSet (physical memory assigned to process): 35M, peak: 35M
current process commit charge ("private bytes"): 209M, peak: 209M

vm_info: Java HotSpot(TM) 64-Bit Server VM (12.0.1+12) for windows-amd64 JRE (12.0.1+12), built on Apr  2 2019 14:02:19 by "mach5one" with MS VC++ 15.5 (VS2017)

END.
