#
# There is insufficient memory for the Java Runtime Environment to continue.
# Native memory allocation (mmap) failed to map 134217728 bytes for Failed to commit area from 0x0000000081e00000 to 0x0000000089e00000 of length 134217728.
# Possible reasons:
#   The system is out of physical RAM or swap space
#   The process is running with CompressedOops enabled, and the Java Heap may be blocking the growth of the native heap
# Possible solutions:
#   Reduce memory load on the system
#   Increase physical memory or swap space
#   Check if swap backing store is full
#   Decrease Java heap size (-Xmx/-Xms)
#   Decrease number of Java threads
#   Decrease Java thread stack sizes (-Xss)
#   Set larger code cache with -XX:ReservedCodeCacheSize=
# This output file may be truncated or incomplete.
#
#  Out of Memory Error (t:/workspace/open/src/hotspot/os/windows/os_windows.cpp:3254), pid=23560, tid=22688
#
# JRE version:  (12.0.1+12) (build )
# Java VM: Java HotSpot(TM) 64-Bit Server VM (12.0.1+12, mixed mode, aot, sharing, tiered, compressed oops, g1 gc, windows-amd64)
# No core dump will be written. Minidumps are not enabled by default on client versions of Windows
#

---------------  S U M M A R Y ------------

Command Line: -Dfile.encoding=GBK 网上书城.test

Host: Intel(R) Core(TM) i5-8300H CPU @ 2.30GHz, 8 cores, 7G,  Windows 10 , 64 bit Build 18362 (10.0.18362.900)
Time: Tue Jun 30 17:44:57 2020 ?D1ú±ê×?ê±?? elapsed time: 0 seconds (0d 0h 0m 0s)

---------------  T H R E A D  ---------------

Current thread (0x000001885168a000):  JavaThread "Unknown thread" [_thread_in_vm, id=22688, stack(0x00000059c1900000,0x00000059c1a00000)]

Stack: [0x00000059c1900000,0x00000059c1a00000]
Native frames: (J=compiled Java code, j=interpreted, Vv=VM code, C=native code)
V  [jvm.dll+0x63948a]
V  [jvm.dll+0x78b31f]
V  [jvm.dll+0x78c9c1]
V  [jvm.dll+0x78d013]
V  [jvm.dll+0x262138]
V  [jvm.dll+0x63698a]
V  [jvm.dll+0x62b505]
V  [jvm.dll+0x31d9bc]
V  [jvm.dll+0x31d7ef]
V  [jvm.dll+0x323526]
V  [jvm.dll+0x370f76]
V  [jvm.dll+0x370750]
V  [jvm.dll+0x2f786a]
V  [jvm.dll+0x2f8af2]
V  [jvm.dll+0x7657b7]
V  [jvm.dll+0x766e95]
V  [jvm.dll+0x37f089]
V  [jvm.dll+0x749b14]
V  [jvm.dll+0x3ee48d]
V  [jvm.dll+0x3f03c1]
C  [jli.dll+0x51cf]
C  [ucrtbase.dll+0x20e82]
C  [KERNEL32.DLL+0x17bd4]
C  [ntdll.dll+0x6ce51]


---------------  P R O C E S S  ---------------

Threads class SMR info:
_java_thread_list=0x00007ffa7efc48e8, length=0, elements={
}

Java Threads: ( => current thread )

Other Threads:
  0x00000188516c8000 GCTaskThread "GC Thread#0" [stack: 0x00000059c1a00000,0x00000059c1b00000] [id=23648]
  0x00000188516d7800 ConcurrentGCThread "G1 Main Marker" [stack: 0x00000059c1b00000,0x00000059c1c00000] [id=19184]
  0x00000188516d9000 ConcurrentGCThread "G1 Conc#0" [stack: 0x00000059c1c00000,0x00000059c1d00000] [id=23808]

[error occurred during error reporting (printing all threads), id 0xc0000005, EXCEPTION_ACCESS_VIOLATION (0xc0000005) at pc=0x00007ffa7e7f7a37]

VM state:not at safepoint (not fully initialized)

VM Mutex/Monitor currently owned by a thread:  ([mutex/lock_event])
[0x0000018851686ae0] Heap_lock - owner thread: 0x000001885168a000

Heap address: 0x0000000081e00000, size: 2018 MB, Compressed Oops mode: Non-zero based: 0x0000000081e00000
Narrow klass base: 0x0000000000000000, Narrow klass shift: 0

GC Heap History (0 events):
No events

Deoptimization events (0 events):
No events

Classes redefined (0 events):
No events

Internal exceptions (0 events):
No events

Events (0 events):
No events


Dynamic libraries:
0x00007ff7e10c0000 - 0x00007ff7e10cf000 	F:\JAVA\jdk\bin\javaw.exe
0x00007ffabcf80000 - 0x00007ffabd170000 	C:\WINDOWS\SYSTEM32\ntdll.dll
0x00007ffabbe50000 - 0x00007ffabbf02000 	C:\WINDOWS\System32\KERNEL32.DLL
0x00007ffab9f90000 - 0x00007ffaba234000 	C:\WINDOWS\System32\KERNELBASE.dll
0x00007ffabae50000 - 0x00007ffabaf4a000 	C:\WINDOWS\System32\ucrtbase.dll
0x00007ffa8d980000 - 0x00007ffa8d996000 	F:\JAVA\jdk\bin\VCRUNTIME140.dll
0x00007ffa923f0000 - 0x00007ffa92408000 	F:\JAVA\jdk\bin\jli.dll
0x00007ffabbac0000 - 0x00007ffabbb63000 	C:\WINDOWS\System32\ADVAPI32.dll
0x00007ffabbf10000 - 0x00007ffabbfae000 	C:\WINDOWS\System32\msvcrt.dll
0x00007ffabbfb0000 - 0x00007ffabc047000 	C:\WINDOWS\System32\sechost.dll
0x00007ffabb990000 - 0x00007ffabbab0000 	C:\WINDOWS\System32\RPCRT4.dll
0x00007ffabbc30000 - 0x00007ffabbdc4000 	C:\WINDOWS\System32\USER32.dll
0x00007ffab9f60000 - 0x00007ffab9f81000 	C:\WINDOWS\System32\win32u.dll
0x00007ffa99c20000 - 0x00007ffa99ea4000 	C:\WINDOWS\WinSxS\amd64_microsoft.windows.common-controls_6595b64144ccf1df_6.0.18362.900_none_e6beb9d913147d17\COMCTL32.dll
0x00007ffabb320000 - 0x00007ffabb346000 	C:\WINDOWS\System32\GDI32.dll
0x00007ffabb4d0000 - 0x00007ffabb805000 	C:\WINDOWS\System32\combase.dll
0x00007ffabacb0000 - 0x00007ffabae45000 	C:\WINDOWS\System32\gdi32full.dll
0x00007ffaba450000 - 0x00007ffaba4d0000 	C:\WINDOWS\System32\bcryptPrimitives.dll
0x00007ffaba260000 - 0x00007ffaba2fe000 	C:\WINDOWS\System32\msvcp_win.dll
0x00007ffab3c20000 - 0x00007ffab3c2a000 	C:\WINDOWS\SYSTEM32\VERSION.dll
0x00007ffabbb90000 - 0x00007ffabbbbe000 	C:\WINDOWS\System32\IMM32.DLL
0x00007ffa87160000 - 0x00007ffa8720a000 	F:\JAVA\jdk\bin\msvcp140.dll
0x00007ffa7e4f0000 - 0x00007ffa7f064000 	F:\JAVA\jdk\bin\server\jvm.dll
0x00007ffabb350000 - 0x00007ffabb358000 	C:\WINDOWS\System32\PSAPI.DLL
0x00007ffab7ba0000 - 0x00007ffab7bc4000 	C:\WINDOWS\SYSTEM32\WINMM.dll
0x00007ffab7dd0000 - 0x00007ffab7dd9000 	C:\WINDOWS\SYSTEM32\WSOCK32.dll
0x00007ffabbbc0000 - 0x00007ffabbc2f000 	C:\WINDOWS\System32\WS2_32.dll
0x00007ffab7630000 - 0x00007ffab765d000 	C:\WINDOWS\SYSTEM32\winmmbase.dll
0x00007ffab9f10000 - 0x00007ffab9f5a000 	C:\WINDOWS\System32\cfgmgr32.dll
0x00007ffab9e70000 - 0x00007ffab9e81000 	C:\WINDOWS\System32\kernel.appcore.dll
0x00007ffab1e50000 - 0x00007ffab1e61000 	F:\JAVA\jdk\bin\verify.dll
0x00007ffab7df0000 - 0x00007ffab7fe4000 	C:\WINDOWS\SYSTEM32\DBGHELP.DLL
0x00007ffaa6060000 - 0x00007ffaa608a000 	C:\WINDOWS\SYSTEM32\dbgcore.DLL
0x00007ffa961b0000 - 0x00007ffa961d6000 	F:\JAVA\jdk\bin\java.dll
0x00007ffaab730000 - 0x00007ffaab747000 	F:\JAVA\jdk\bin\zip.dll
0x00007ffab40d0000 - 0x00007ffab40da000 	F:\JAVA\jdk\bin\jimage.dll

dbghelp: loaded successfully - version: 4.0.5 - missing functions: none
symbol engine: initialized successfully - sym options: 0x614 - pdb path: .;F:\JAVA\jdk\bin;C:\WINDOWS\SYSTEM32;C:\WINDOWS\WinSxS\amd64_microsoft.windows.common-controls_6595b64144ccf1df_6.0.18362.900_none_e6beb9d913147d17;F:\JAVA\jdk\bin\server

VM Arguments:
jvm_args: -Dfile.encoding=GBK 
java_command: 网上书城.test
java_class_path (initial): F:\javacode\wycNo.1\WYCno.1\wyc1\wyc01\网上书城\bin;F:\javacode\wycNo.1\WYCno.1\wyc1\wyc01\网上书城\libs\mysql-connector-java-5.1.41-bin.jar;F:\javacode\wycNo.1\WYCno.1\wyc1\wyc01\网上书城\libs\log4j-1.2.17.jar;F:\javacode\wycNo.1\WYCno.1\wyc1\wyc01\网上书城\jxl.jar
Launcher Type: SUN_STANDARD

[Global flags]
     intx CICompilerCount                          = 4                                         {product} {ergonomic}
     uint ConcGCThreads                            = 2                                         {product} {ergonomic}
     uint G1ConcRefinementThreads                  = 8                                         {product} {ergonomic}
   size_t G1HeapRegionSize                         = 1048576                                   {product} {ergonomic}
    uintx GCDrainStackTargetSize                   = 64                                        {product} {ergonomic}
   size_t InitialHeapSize                          = 134217728                                 {product} {ergonomic}
   size_t MarkStackSize                            = 4194304                                   {product} {ergonomic}
   size_t MaxHeapSize                              = 2116026368                                {product} {ergonomic}
   size_t MinHeapDeltaBytes                        = 1048576                                   {product} {ergonomic}
    uintx NonNMethodCodeHeapSize                   = 5836300                                {pd product} {ergonomic}
    uintx NonProfiledCodeHeapSize                  = 122910970                              {pd product} {ergonomic}
    uintx ProfiledCodeHeapSize                     = 122910970                              {pd product} {ergonomic}
    uintx ReservedCodeCacheSize                    = 251658240                              {pd product} {ergonomic}
     bool SegmentedCodeCache                       = true                                      {product} {ergonomic}
     bool UseCompressedClassPointers               = true                                 {lp64_product} {ergonomic}
     bool UseCompressedOops                        = true                                 {lp64_product} {ergonomic}
     bool UseG1GC                                  = true                                      {product} {ergonomic}
     bool UseLargePagesIndividualAllocation        = false                                  {pd product} {ergonomic}

Logging:
Log output configuration:
 #0: stdout all=warning uptime,level,tags
 #1: stderr all=off uptime,level,tags

Environment Variables:
JAVA_HOME=F:\JAVA\jdk
CLASSPATH=.;F:\JAVA\jdk\lib;F:\JAVA\jdk\lib\tools.jar
PATH=F:/JAVA/jdk/bin/server;F:/JAVA/jdk/bin;C:\WINDOWS\system32;C:\WINDOWS;C:\WINDOWS\System32\Wbem;C:\WINDOWS\System32\WindowsPowerShell\v1.0\;C:\WINDOWS\System32\OpenSSH\;F:\JAVA\jdk\bin;F:\JAVA\jdk\jre\bin;C:\Program Files (x86)\Microsoft SQL Server\100\Tools\Binn\;C:\Program Files\Microsoft SQL Server\100\Tools\Binn\;C:\Program Files\Microsoft SQL Server\100\DTS\Binn\;C:\Program Files (x86)\Microsoft SQL Server\100\Tools\Binn\VSShell\Common7\IDE\;C:\Program Files (x86)\Microsoft Visual Studio 9.0\Common7\IDE\PrivateAssemblies\;C:\Program Files (x86)\Microsoft SQL Server\100\DTS\Binn\;C:\Program Files\MySQL\MySQL Utilities 1.6\;C:\Users\123\Anaconda2;C:\Users\123\Anaconda2\Library\mingw-w64\bin;C:\Users\123\Anaconda2\Library\usr\bin;C:\Users\123\Anaconda2\Library\bin;C:\Users\123\Anaconda2\Scripts;C:\Users\123\AppData\Local\Programs\Python\Python38\Scripts\;C:\Users\123\AppData\Local\Programs\Python\Python38\;C:\Users\123\AppData\Local\Microsoft\WindowsApps;;F:\JAVA\eclipse\eclipse;
USERNAME=123
OS=Windows_NT
PROCESSOR_IDENTIFIER=Intel64 Family 6 Model 158 Stepping 10, GenuineIntel



---------------  S Y S T E M  ---------------

OS: Windows 10 , 64 bit Build 18362 (10.0.18362.900)

CPU:total 8 (initial active 8) (4 cores per cpu, 2 threads per core) family 6 model 158 stepping 10, cmov, cx8, fxsr, mmx, sse, sse2, sse3, ssse3, sse4.1, sse4.2, popcnt, avx, avx2, aes, clmul, erms, 3dnowpref, lzcnt, ht, tsc, tscinvbit, bmi1, bmi2, adx, fma

Memory: 4k page, system-wide physical 8066M (1921M free)
TotalPageFile size 23095M (AvailPageFile size 126M)
current process WorkingSet (physical memory assigned to process): 10M, peak: 10M
current process commit charge ("private bytes"): 60M, peak: 188M

vm_info: Java HotSpot(TM) 64-Bit Server VM (12.0.1+12) for windows-amd64 JRE (12.0.1+12), built on Apr  2 2019 14:02:19 by "mach5one" with MS VC++ 15.5 (VS2017)

END.
